2023/06/22-10:37:27 INFO  [main] com.jsh.erp.ErpApplication - Starting ErpApplication on heziyi with PID 25280 (C:\Users\heziyi6\Desktop\xm\JSH_ERP\jshERP-boot\target\classes started by heziyi6 in C:\Users\heziyi6\Desktop\xm\JSH_ERP\jshERP-boot)
2023/06/22-10:37:27 DEBUG [main] com.jsh.erp.ErpApplication - Running with Spring Boot v2.0.0.RELEASE, Spring v5.0.4.RELEASE
2023/06/22-10:37:27 INFO  [main] com.jsh.erp.ErpApplication - No active profile set, falling back to default profiles: default
2023/06/22-10:37:34 INFO  [main] com.jsh.erp.ErpApplication - Started ErpApplication in 8.643 seconds (JVM running for 11.077)
2023/06/22-10:38:17 DEBUG [http-nio-9999-exec-1] com.jsh.erp.datasource.mappers.PlatformConfigMapper.selectByExample - ==>  Preparing: SELECT id, platform_key, platform_key_info, platform_value FROM jsh_platform_config WHERE (platform_key = ?) 
2023/06/22-10:38:17 DEBUG [http-nio-9999-exec-1] com.jsh.erp.datasource.mappers.PlatformConfigMapper.selectByExample - ==> Parameters: platform_name(String)
2023/06/22-10:38:17 DEBUG [http-nio-9999-exec-1] com.jsh.erp.datasource.mappers.PlatformConfigMapper.selectByExample - <==      Total: 1
2023/06/22-10:38:17 DEBUG [http-nio-9999-exec-6] com.jsh.erp.datasource.mappers.PlatformConfigMapper.selectByExample - ==>  Preparing: SELECT id, platform_key, platform_key_info, platform_value FROM jsh_platform_config WHERE (platform_key = ?) 
2023/06/22-10:38:17 DEBUG [http-nio-9999-exec-6] com.jsh.erp.datasource.mappers.PlatformConfigMapper.selectByExample - ==> Parameters: platform_url(String)
2023/06/22-10:38:17 DEBUG [http-nio-9999-exec-6] com.jsh.erp.datasource.mappers.PlatformConfigMapper.selectByExample - <==      Total: 1
2023/06/22-10:38:23 INFO  [http-nio-9999-exec-7] com.jsh.erp.controller.UserController - ============用户登录 login 方法调用开始==============
2023/06/22-10:38:23 DEBUG [http-nio-9999-exec-7] com.jsh.erp.datasource.mappers.UserMapper.selectByExample - ==>  Preparing: SELECT id, username, login_name, password, position, department, email, phonenum, ismanager, isystem, Status, description, remark, tenant_id FROM jsh_user WHERE (login_name = ?) 
2023/06/22-10:38:23 DEBUG [http-nio-9999-exec-7] com.jsh.erp.datasource.mappers.UserMapper.selectByExample - ==> Parameters: jsh(String)
2023/06/22-10:38:23 DEBUG [http-nio-9999-exec-7] com.jsh.erp.datasource.mappers.UserMapper.selectByExample - <==      Total: 1
2023/06/22-10:38:23 DEBUG [http-nio-9999-exec-7] com.jsh.erp.datasource.mappers.TenantMapper.selectByExample - ==>  Preparing: SELECT id, tenant_id, login_name, user_num_limit, type, enabled, create_time, expire_time, remark FROM jsh_tenant WHERE (tenant_id = ?) 
2023/06/22-10:38:23 DEBUG [http-nio-9999-exec-7] com.jsh.erp.datasource.mappers.TenantMapper.selectByExample - ==> Parameters: 63(Long)
2023/06/22-10:38:23 DEBUG [http-nio-9999-exec-7] com.jsh.erp.datasource.mappers.TenantMapper.selectByExample - <==      Total: 1
2023/06/22-10:38:23 DEBUG [http-nio-9999-exec-7] com.jsh.erp.datasource.mappers.UserMapper.selectByExample - ==>  Preparing: SELECT id, username, login_name, password, position, department, email, phonenum, ismanager, isystem, Status, description, remark, tenant_id FROM jsh_user WHERE (login_name = ? AND password = ? AND Status = ?) 
2023/06/22-10:38:23 DEBUG [http-nio-9999-exec-7] com.jsh.erp.datasource.mappers.UserMapper.selectByExample - ==> Parameters: jsh(String), e10adc3949ba59abbe56e057f20f883e(String), 0(Byte)
2023/06/22-10:38:23 DEBUG [http-nio-9999-exec-7] com.jsh.erp.datasource.mappers.UserMapper.selectByExample - <==      Total: 1
2023/06/22-10:38:23 DEBUG [http-nio-9999-exec-7] com.jsh.erp.datasource.mappers.UserMapper.selectByExample - ==>  Preparing: SELECT id, username, login_name, password, position, department, email, phonenum, ismanager, isystem, Status, description, remark, tenant_id FROM jsh_user WHERE (login_name = ? AND Status = ?) 
2023/06/22-10:38:23 DEBUG [http-nio-9999-exec-7] com.jsh.erp.datasource.mappers.UserMapper.selectByExample - ==> Parameters: jsh(String), 0(Byte)
2023/06/22-10:38:23 DEBUG [http-nio-9999-exec-7] com.jsh.erp.datasource.mappers.UserMapper.selectByExample - <==      Total: 1
2023/06/22-10:38:23 DEBUG [http-nio-9999-exec-7] com.jsh.erp.datasource.mappers.TenantMapper.selectByExample - ==>  Preparing: SELECT id, tenant_id, login_name, user_num_limit, type, enabled, create_time, expire_time, remark FROM jsh_tenant WHERE (tenant_id = ?) 
2023/06/22-10:38:23 DEBUG [http-nio-9999-exec-7] com.jsh.erp.datasource.mappers.TenantMapper.selectByExample - ==> Parameters: 63(Long)
2023/06/22-10:38:23 DEBUG [http-nio-9999-exec-7] com.jsh.erp.datasource.mappers.TenantMapper.selectByExample - <==      Total: 1
2023/06/22-10:38:23 DEBUG [http-nio-9999-exec-7] com.jsh.erp.datasource.mappers.UserBusinessMapper.selectByExample - ==>  Preparing: SELECT id, type, key_id, value, btn_str, delete_flag FROM jsh_user_business WHERE (key_id = ? AND type = ? AND delete_flag <> ?) 
2023/06/22-10:38:23 DEBUG [http-nio-9999-exec-7] com.jsh.erp.datasource.mappers.UserBusinessMapper.selectByExample - ==> Parameters: 63(String), UserRole(String), 1(String)
2023/06/22-10:38:23 DEBUG [http-nio-9999-exec-7] com.jsh.erp.datasource.mappers.UserBusinessMapper.selectByExample - <==      Total: 1
2023/06/22-10:38:23 DEBUG [http-nio-9999-exec-7] com.jsh.erp.datasource.mappers.RoleMapper.selectByPrimaryKey - ==>  Preparing: SELECT id, name, type, value, description, tenant_id, delete_flag FROM jsh_role WHERE id = ? 
2023/06/22-10:38:23 DEBUG [http-nio-9999-exec-7] com.jsh.erp.datasource.mappers.RoleMapper.selectByPrimaryKey - ==> Parameters: 10(Long)
2023/06/22-10:38:23 DEBUG [http-nio-9999-exec-7] com.jsh.erp.datasource.mappers.RoleMapper.selectByPrimaryKey - <==      Total: 1
2023/06/22-10:38:23 DEBUG [http-nio-9999-exec-7] com.jsh.erp.datasource.mappers.LogMapper.insertSelective - ==>  Preparing: INSERT INTO jsh_log (user_id, operation, client_ip, create_time, status, content, tenant_id) VALUES (?, ?, ?, ?, ?, ?, ?) 
2023/06/22-10:38:23 DEBUG [http-nio-9999-exec-7] com.jsh.erp.datasource.mappers.LogMapper.insertSelective - ==> Parameters: 63(Long), 用户(String), 127.0.0.1/127.0.0.1(String), 2023-06-22 10:38:23.802(Timestamp), 0(Byte), 登录jsh(String), 63(Long)
2023/06/22-10:38:23 DEBUG [http-nio-9999-exec-7] com.jsh.erp.datasource.mappers.LogMapper.insertSelective - <==    Updates: 1
2023/06/22-10:38:23 DEBUG [http-nio-9999-exec-7] com.jsh.erp.datasource.mappers.UserBusinessMapper.selectByExample - ==>  Preparing: SELECT id, type, key_id, value, btn_str, delete_flag FROM jsh_user_business WHERE (key_id = ? AND type = ? AND delete_flag <> ?) 
2023/06/22-10:38:23 DEBUG [http-nio-9999-exec-7] com.jsh.erp.datasource.mappers.UserBusinessMapper.selectByExample - ==> Parameters: 63(String), UserRole(String), 1(String)
2023/06/22-10:38:23 DEBUG [http-nio-9999-exec-7] com.jsh.erp.datasource.mappers.UserBusinessMapper.selectByExample - <==      Total: 1
2023/06/22-10:38:23 DEBUG [http-nio-9999-exec-7] com.jsh.erp.datasource.mappers.UserBusinessMapper.selectByExample - ==>  Preparing: SELECT id, type, key_id, value, btn_str, delete_flag FROM jsh_user_business WHERE (key_id = ? AND type = ? AND delete_flag <> ?) 
2023/06/22-10:38:23 DEBUG [http-nio-9999-exec-7] com.jsh.erp.datasource.mappers.UserBusinessMapper.selectByExample - ==> Parameters: 10(String), RoleFunctions(String), 1(String)
2023/06/22-10:38:23 DEBUG [http-nio-9999-exec-7] com.jsh.erp.datasource.mappers.UserBusinessMapper.selectByExample - <==      Total: 1
2023/06/22-10:38:23 INFO  [http-nio-9999-exec-7] com.jsh.erp.controller.UserController - ===============用户登录 login 方法调用结束===============
2023/06/22-10:38:23 DEBUG [http-nio-9999-exec-8] com.jsh.erp.datasource.mappers.UserBusinessMapper.selectByExample - ==>  Preparing: SELECT id, type, key_id, value, btn_str, delete_flag FROM jsh_user_business WHERE (key_id = ? AND type = ? AND delete_flag <> ?) 
2023/06/22-10:38:23 DEBUG [http-nio-9999-exec-8] com.jsh.erp.datasource.mappers.UserBusinessMapper.selectByExample - ==> Parameters: 63(String), UserRole(String), 1(String)
2023/06/22-10:38:23 DEBUG [http-nio-9999-exec-8] com.jsh.erp.datasource.mappers.UserBusinessMapper.selectByExample - <==      Total: 1
2023/06/22-10:38:23 DEBUG [http-nio-9999-exec-8] com.jsh.erp.datasource.mappers.UserBusinessMapper.selectByExample - ==>  Preparing: SELECT id, type, key_id, value, btn_str, delete_flag FROM jsh_user_business WHERE (key_id = ? AND type = ? AND delete_flag <> ?) 
2023/06/22-10:38:23 DEBUG [http-nio-9999-exec-8] com.jsh.erp.datasource.mappers.UserBusinessMapper.selectByExample - ==> Parameters: 10(String), RoleFunctions(String), 1(String)
2023/06/22-10:38:23 DEBUG [http-nio-9999-exec-8] com.jsh.erp.datasource.mappers.UserBusinessMapper.selectByExample - <==      Total: 1
2023/06/22-10:38:24 DEBUG [http-nio-9999-exec-8] com.jsh.erp.datasource.mappers.FunctionMapper.selectByExample - ==>  Preparing: SELECT id, number, name, parent_number, url, component, state, sort, enabled, type, push_btn, icon, delete_flag FROM jsh_function WHERE (enabled = ? AND parent_number = ? AND delete_flag <> ?) ORDER BY Sort 
2023/06/22-10:38:24 DEBUG [http-nio-9999-exec-8] com.jsh.erp.datasource.mappers.FunctionMapper.selectByExample - ==> Parameters: true(Boolean), 0(String), 1(String)
2023/06/22-10:38:24 DEBUG [http-nio-9999-exec-8] com.jsh.erp.datasource.mappers.FunctionMapper.selectByExample - <==      Total: 9
2023/06/22-10:38:24 DEBUG [http-nio-9999-exec-8] com.jsh.erp.datasource.mappers.FunctionMapper.selectByExample - ==>  Preparing: SELECT id, number, name, parent_number, url, component, state, sort, enabled, type, push_btn, icon, delete_flag FROM jsh_function WHERE (enabled = ? AND parent_number = ? AND delete_flag <> ?) ORDER BY Sort 
2023/06/22-10:38:24 DEBUG [http-nio-9999-exec-8] com.jsh.erp.datasource.mappers.FunctionMapper.selectByExample - ==> Parameters: true(Boolean), 0401(String), 1(String)
2023/06/22-10:38:24 DEBUG [http-nio-9999-exec-8] com.jsh.erp.datasource.mappers.FunctionMapper.selectByExample - <==      Total: 2
2023/06/22-10:38:24 DEBUG [http-nio-9999-exec-8] com.jsh.erp.datasource.mappers.FunctionMapper.selectByExample - ==>  Preparing: SELECT id, number, name, parent_number, url, component, state, sort, enabled, type, push_btn, icon, delete_flag FROM jsh_function WHERE (enabled = ? AND parent_number = ? AND delete_flag <> ?) ORDER BY Sort 
2023/06/22-10:38:24 DEBUG [http-nio-9999-exec-8] com.jsh.erp.datasource.mappers.FunctionMapper.selectByExample - ==> Parameters: true(Boolean), 040102(String), 1(String)
2023/06/22-10:38:24 DEBUG [http-nio-9999-exec-8] com.jsh.erp.datasource.mappers.FunctionMapper.selectByExample - <==      Total: 0
2023/06/22-10:38:24 DEBUG [http-nio-9999-exec-8] com.jsh.erp.datasource.mappers.FunctionMapper.selectByExample - ==>  Preparing: SELECT id, number, name, parent_number, url, component, state, sort, enabled, type, push_btn, icon, delete_flag FROM jsh_function WHERE (enabled = ? AND parent_number = ? AND delete_flag <> ?) ORDER BY Sort 
2023/06/22-10:38:24 DEBUG [http-nio-9999-exec-8] com.jsh.erp.datasource.mappers.FunctionMapper.selectByExample - ==> Parameters: true(Boolean), 040104(String), 1(String)
2023/06/22-10:38:24 DEBUG [http-nio-9999-exec-8] com.jsh.erp.datasource.mappers.FunctionMapper.selectByExample - <==      Total: 0
2023/06/22-10:38:24 DEBUG [http-nio-9999-exec-8] com.jsh.erp.datasource.mappers.FunctionMapper.selectByExample - ==>  Preparing: SELECT id, number, name, parent_number, url, component, state, sort, enabled, type, push_btn, icon, delete_flag FROM jsh_function WHERE (enabled = ? AND parent_number = ? AND delete_flag <> ?) ORDER BY Sort 
2023/06/22-10:38:24 DEBUG [http-nio-9999-exec-8] com.jsh.erp.datasource.mappers.FunctionMapper.selectByExample - ==> Parameters: true(Boolean), 0502(String), 1(String)
2023/06/22-10:38:24 DEBUG [http-nio-9999-exec-8] com.jsh.erp.datasource.mappers.FunctionMapper.selectByExample - <==      Total: 3
2023/06/22-10:38:24 DEBUG [http-nio-9999-exec-8] com.jsh.erp.datasource.mappers.FunctionMapper.selectByExample - ==>  Preparing: SELECT id, number, name, parent_number, url, component, state, sort, enabled, type, push_btn, icon, delete_flag FROM jsh_function WHERE (enabled = ? AND parent_number = ? AND delete_flag <> ?) ORDER BY Sort 
2023/06/22-10:38:24 DEBUG [http-nio-9999-exec-8] com.jsh.erp.datasource.mappers.FunctionMapper.selectByExample - ==> Parameters: true(Boolean), 050202(String), 1(String)
2023/06/22-10:38:24 DEBUG [http-nio-9999-exec-8] com.jsh.erp.datasource.mappers.FunctionMapper.selectByExample - <==      Total: 0
2023/06/22-10:38:24 DEBUG [http-nio-9999-exec-8] com.jsh.erp.datasource.mappers.FunctionMapper.selectByExample - ==>  Preparing: SELECT id, number, name, parent_number, url, component, state, sort, enabled, type, push_btn, icon, delete_flag FROM jsh_function WHERE (enabled = ? AND parent_number = ? AND delete_flag <> ?) ORDER BY Sort 
2023/06/22-10:38:24 DEBUG [http-nio-9999-exec-8] com.jsh.erp.datasource.mappers.FunctionMapper.selectByExample - ==> Parameters: true(Boolean), 050201(String), 1(String)
2023/06/22-10:38:24 DEBUG [http-nio-9999-exec-8] com.jsh.erp.datasource.mappers.FunctionMapper.selectByExample - <==      Total: 0
2023/06/22-10:38:24 DEBUG [http-nio-9999-exec-8] com.jsh.erp.datasource.mappers.FunctionMapper.selectByExample - ==>  Preparing: SELECT id, number, name, parent_number, url, component, state, sort, enabled, type, push_btn, icon, delete_flag FROM jsh_function WHERE (enabled = ? AND parent_number = ? AND delete_flag <> ?) ORDER BY Sort 
2023/06/22-10:38:24 DEBUG [http-nio-9999-exec-8] com.jsh.erp.datasource.mappers.FunctionMapper.selectByExample - ==> Parameters: true(Boolean), 050204(String), 1(String)
2023/06/22-10:38:24 DEBUG [http-nio-9999-exec-8] com.jsh.erp.datasource.mappers.FunctionMapper.selectByExample - <==      Total: 0
2023/06/22-10:38:24 DEBUG [http-nio-9999-exec-8] com.jsh.erp.datasource.mappers.FunctionMapper.selectByExample - ==>  Preparing: SELECT id, number, name, parent_number, url, component, state, sort, enabled, type, push_btn, icon, delete_flag FROM jsh_function WHERE (enabled = ? AND parent_number = ? AND delete_flag <> ?) ORDER BY Sort 
2023/06/22-10:38:24 DEBUG [http-nio-9999-exec-8] com.jsh.erp.datasource.mappers.FunctionMapper.selectByExample - ==> Parameters: true(Boolean), 0603(String), 1(String)
2023/06/22-10:38:24 DEBUG [http-nio-9999-exec-8] com.jsh.erp.datasource.mappers.FunctionMapper.selectByExample - <==      Total: 3
2023/06/22-10:38:24 DEBUG [http-nio-9999-exec-8] com.jsh.erp.datasource.mappers.FunctionMapper.selectByExample - ==>  Preparing: SELECT id, number, name, parent_number, url, component, state, sort, enabled, type, push_btn, icon, delete_flag FROM jsh_function WHERE (enabled = ? AND parent_number = ? AND delete_flag <> ?) ORDER BY Sort 
2023/06/22-10:38:24 DEBUG [http-nio-9999-exec-8] com.jsh.erp.datasource.mappers.FunctionMapper.selectByExample - ==> Parameters: true(Boolean), 060301(String), 1(String)
2023/06/22-10:38:24 DEBUG [http-nio-9999-exec-8] com.jsh.erp.datasource.mappers.FunctionMapper.selectByExample - <==      Total: 0
2023/06/22-10:38:24 DEBUG [http-nio-9999-exec-8] com.jsh.erp.datasource.mappers.FunctionMapper.selectByExample - ==>  Preparing: SELECT id, number, name, parent_number, url, component, state, sort, enabled, type, push_btn, icon, delete_flag FROM jsh_function WHERE (enabled = ? AND parent_number = ? AND delete_flag <> ?) ORDER BY Sort 
2023/06/22-10:38:24 DEBUG [http-nio-9999-exec-8] com.jsh.erp.datasource.mappers.FunctionMapper.selectByExample - ==> Parameters: true(Boolean), 060303(String), 1(String)
2023/06/22-10:38:24 DEBUG [http-nio-9999-exec-8] com.jsh.erp.datasource.mappers.FunctionMapper.selectByExample - <==      Total: 0
2023/06/22-10:38:24 DEBUG [http-nio-9999-exec-8] com.jsh.erp.datasource.mappers.FunctionMapper.selectByExample - ==>  Preparing: SELECT id, number, name, parent_number, url, component, state, sort, enabled, type, push_btn, icon, delete_flag FROM jsh_function WHERE (enabled = ? AND parent_number = ? AND delete_flag <> ?) ORDER BY Sort 
2023/06/22-10:38:24 DEBUG [http-nio-9999-exec-8] com.jsh.erp.datasource.mappers.FunctionMapper.selectByExample - ==> Parameters: true(Boolean), 060305(String), 1(String)
2023/06/22-10:38:24 DEBUG [http-nio-9999-exec-8] com.jsh.erp.datasource.mappers.FunctionMapper.selectByExample - <==      Total: 0
2023/06/22-10:38:24 DEBUG [http-nio-9999-exec-8] com.jsh.erp.datasource.mappers.FunctionMapper.selectByExample - ==>  Preparing: SELECT id, number, name, parent_number, url, component, state, sort, enabled, type, push_btn, icon, delete_flag FROM jsh_function WHERE (enabled = ? AND parent_number = ? AND delete_flag <> ?) ORDER BY Sort 
2023/06/22-10:38:24 DEBUG [http-nio-9999-exec-8] com.jsh.erp.datasource.mappers.FunctionMapper.selectByExample - ==> Parameters: true(Boolean), 0801(String), 1(String)
2023/06/22-10:38:24 DEBUG [http-nio-9999-exec-8] com.jsh.erp.datasource.mappers.FunctionMapper.selectByExample - <==      Total: 5
2023/06/22-10:38:24 DEBUG [http-nio-9999-exec-8] com.jsh.erp.datasource.mappers.FunctionMapper.selectByExample - ==>  Preparing: SELECT id, number, name, parent_number, url, component, state, sort, enabled, type, push_btn, icon, delete_flag FROM jsh_function WHERE (enabled = ? AND parent_number = ? AND delete_flag <> ?) ORDER BY Sort 
2023/06/22-10:38:24 DEBUG [http-nio-9999-exec-8] com.jsh.erp.datasource.mappers.FunctionMapper.selectByExample - ==> Parameters: true(Boolean), 080103(String), 1(String)
2023/06/22-10:38:24 DEBUG [http-nio-9999-exec-8] com.jsh.erp.datasource.mappers.FunctionMapper.selectByExample - <==      Total: 0
2023/06/22-10:38:24 DEBUG [http-nio-9999-exec-8] com.jsh.erp.datasource.mappers.FunctionMapper.selectByExample - ==>  Preparing: SELECT id, number, name, parent_number, url, component, state, sort, enabled, type, push_btn, icon, delete_flag FROM jsh_function WHERE (enabled = ? AND parent_number = ? AND delete_flag <> ?) ORDER BY Sort 
2023/06/22-10:38:24 DEBUG [http-nio-9999-exec-8] com.jsh.erp.datasource.mappers.FunctionMapper.selectByExample - ==> Parameters: true(Boolean), 080105(String), 1(String)
2023/06/22-10:38:24 DEBUG [http-nio-9999-exec-8] com.jsh.erp.datasource.mappers.FunctionMapper.selectByExample - <==      Total: 0
2023/06/22-10:38:24 DEBUG [http-nio-9999-exec-8] com.jsh.erp.datasource.mappers.FunctionMapper.selectByExample - ==>  Preparing: SELECT id, number, name, parent_number, url, component, state, sort, enabled, type, push_btn, icon, delete_flag FROM jsh_function WHERE (enabled = ? AND parent_number = ? AND delete_flag <> ?) ORDER BY Sort 
2023/06/22-10:38:24 DEBUG [http-nio-9999-exec-8] com.jsh.erp.datasource.mappers.FunctionMapper.selectByExample - ==> Parameters: true(Boolean), 080107(String), 1(String)
2023/06/22-10:38:24 DEBUG [http-nio-9999-exec-8] com.jsh.erp.datasource.mappers.FunctionMapper.selectByExample - <==      Total: 0
2023/06/22-10:38:24 DEBUG [http-nio-9999-exec-8] com.jsh.erp.datasource.mappers.FunctionMapper.selectByExample - ==>  Preparing: SELECT id, number, name, parent_number, url, component, state, sort, enabled, type, push_btn, icon, delete_flag FROM jsh_function WHERE (enabled = ? AND parent_number = ? AND delete_flag <> ?) ORDER BY Sort 
2023/06/22-10:38:24 DEBUG [http-nio-9999-exec-8] com.jsh.erp.datasource.mappers.FunctionMapper.selectByExample - ==> Parameters: true(Boolean), 080109(String), 1(String)
2023/06/22-10:38:24 DEBUG [http-nio-9999-exec-8] com.jsh.erp.datasource.mappers.FunctionMapper.selectByExample - <==      Total: 0
2023/06/22-10:38:24 DEBUG [http-nio-9999-exec-8] com.jsh.erp.datasource.mappers.FunctionMapper.selectByExample - ==>  Preparing: SELECT id, number, name, parent_number, url, component, state, sort, enabled, type, push_btn, icon, delete_flag FROM jsh_function WHERE (enabled = ? AND parent_number = ? AND delete_flag <> ?) ORDER BY Sort 
2023/06/22-10:38:24 DEBUG [http-nio-9999-exec-8] com.jsh.erp.datasource.mappers.FunctionMapper.selectByExample - ==> Parameters: true(Boolean), 080111(String), 1(String)
2023/06/22-10:38:24 DEBUG [http-nio-9999-exec-8] com.jsh.erp.datasource.mappers.FunctionMapper.selectByExample - <==      Total: 0
2023/06/22-10:38:24 DEBUG [http-nio-9999-exec-8] com.jsh.erp.datasource.mappers.FunctionMapper.selectByExample - ==>  Preparing: SELECT id, number, name, parent_number, url, component, state, sort, enabled, type, push_btn, icon, delete_flag FROM jsh_function WHERE (enabled = ? AND parent_number = ? AND delete_flag <> ?) ORDER BY Sort 
2023/06/22-10:38:24 DEBUG [http-nio-9999-exec-8] com.jsh.erp.datasource.mappers.FunctionMapper.selectByExample - ==> Parameters: true(Boolean), 0704(String), 1(String)
2023/06/22-10:38:24 DEBUG [http-nio-9999-exec-8] com.jsh.erp.datasource.mappers.FunctionMapper.selectByExample - <==      Total: 6
2023/06/22-10:38:24 DEBUG [http-nio-9999-exec-8] com.jsh.erp.datasource.mappers.FunctionMapper.selectByExample - ==>  Preparing: SELECT id, number, name, parent_number, url, component, state, sort, enabled, type, push_btn, icon, delete_flag FROM jsh_function WHERE (enabled = ? AND parent_number = ? AND delete_flag <> ?) ORDER BY Sort 
2023/06/22-10:38:24 DEBUG [http-nio-9999-exec-8] com.jsh.erp.datasource.mappers.FunctionMapper.selectByExample - ==> Parameters: true(Boolean), 070402(String), 1(String)
2023/06/22-10:38:24 DEBUG [http-nio-9999-exec-8] com.jsh.erp.datasource.mappers.FunctionMapper.selectByExample - <==      Total: 0
2023/06/22-10:38:24 DEBUG [http-nio-9999-exec-8] com.jsh.erp.datasource.mappers.FunctionMapper.selectByExample - ==>  Preparing: SELECT id, number, name, parent_number, url, component, state, sort, enabled, type, push_btn, icon, delete_flag FROM jsh_function WHERE (enabled = ? AND parent_number = ? AND delete_flag <> ?) ORDER BY Sort 
2023/06/22-10:38:24 DEBUG [http-nio-9999-exec-8] com.jsh.erp.datasource.mappers.FunctionMapper.selectByExample - ==> Parameters: true(Boolean), 070403(String), 1(String)
2023/06/22-10:38:24 DEBUG [http-nio-9999-exec-8] com.jsh.erp.datasource.mappers.FunctionMapper.selectByExample - <==      Total: 0
2023/06/22-10:38:24 DEBUG [http-nio-9999-exec-8] com.jsh.erp.datasource.mappers.FunctionMapper.selectByExample - ==>  Preparing: SELECT id, number, name, parent_number, url, component, state, sort, enabled, type, push_btn, icon, delete_flag FROM jsh_function WHERE (enabled = ? AND parent_number = ? AND delete_flag <> ?) ORDER BY Sort 
2023/06/22-10:38:24 DEBUG [http-nio-9999-exec-8] com.jsh.erp.datasource.mappers.FunctionMapper.selectByExample - ==> Parameters: true(Boolean), 070404(String), 1(String)
2023/06/22-10:38:24 DEBUG [http-nio-9999-exec-8] com.jsh.erp.datasource.mappers.FunctionMapper.selectByExample - <==      Total: 0
2023/06/22-10:38:24 DEBUG [http-nio-9999-exec-8] com.jsh.erp.datasource.mappers.FunctionMapper.selectByExample - ==>  Preparing: SELECT id, number, name, parent_number, url, component, state, sort, enabled, type, push_btn, icon, delete_flag FROM jsh_function WHERE (enabled = ? AND parent_number = ? AND delete_flag <> ?) ORDER BY Sort 
2023/06/22-10:38:24 DEBUG [http-nio-9999-exec-8] com.jsh.erp.datasource.mappers.FunctionMapper.selectByExample - ==> Parameters: true(Boolean), 070405(String), 1(String)
2023/06/22-10:38:24 DEBUG [http-nio-9999-exec-8] com.jsh.erp.datasource.mappers.FunctionMapper.selectByExample - <==      Total: 0
2023/06/22-10:38:24 DEBUG [http-nio-9999-exec-8] com.jsh.erp.datasource.mappers.FunctionMapper.selectByExample - ==>  Preparing: SELECT id, number, name, parent_number, url, component, state, sort, enabled, type, push_btn, icon, delete_flag FROM jsh_function WHERE (enabled = ? AND parent_number = ? AND delete_flag <> ?) ORDER BY Sort 
2023/06/22-10:38:24 DEBUG [http-nio-9999-exec-8] com.jsh.erp.datasource.mappers.FunctionMapper.selectByExample - ==> Parameters: true(Boolean), 070406(String), 1(String)
2023/06/22-10:38:24 DEBUG [http-nio-9999-exec-8] com.jsh.erp.datasource.mappers.FunctionMapper.selectByExample - <==      Total: 0
2023/06/22-10:38:24 DEBUG [http-nio-9999-exec-8] com.jsh.erp.datasource.mappers.FunctionMapper.selectByExample - ==>  Preparing: SELECT id, number, name, parent_number, url, component, state, sort, enabled, type, push_btn, icon, delete_flag FROM jsh_function WHERE (enabled = ? AND parent_number = ? AND delete_flag <> ?) ORDER BY Sort 
2023/06/22-10:38:24 DEBUG [http-nio-9999-exec-8] com.jsh.erp.datasource.mappers.FunctionMapper.selectByExample - ==> Parameters: true(Boolean), 070407(String), 1(String)
2023/06/22-10:38:24 DEBUG [http-nio-9999-exec-8] com.jsh.erp.datasource.mappers.FunctionMapper.selectByExample - <==      Total: 0
2023/06/22-10:38:24 DEBUG [http-nio-9999-exec-8] com.jsh.erp.datasource.mappers.FunctionMapper.selectByExample - ==>  Preparing: SELECT id, number, name, parent_number, url, component, state, sort, enabled, type, push_btn, icon, delete_flag FROM jsh_function WHERE (enabled = ? AND parent_number = ? AND delete_flag <> ?) ORDER BY Sort 
2023/06/22-10:38:24 DEBUG [http-nio-9999-exec-8] com.jsh.erp.datasource.mappers.FunctionMapper.selectByExample - ==> Parameters: true(Boolean), 0301(String), 1(String)
2023/06/22-10:38:24 DEBUG [http-nio-9999-exec-8] com.jsh.erp.datasource.mappers.FunctionMapper.selectByExample - <==      Total: 13
2023/06/22-10:38:24 DEBUG [http-nio-9999-exec-8] com.jsh.erp.datasource.mappers.FunctionMapper.selectByExample - ==>  Preparing: SELECT id, number, name, parent_number, url, component, state, sort, enabled, type, push_btn, icon, delete_flag FROM jsh_function WHERE (enabled = ? AND parent_number = ? AND delete_flag <> ?) ORDER BY Sort 
2023/06/22-10:38:24 DEBUG [http-nio-9999-exec-8] com.jsh.erp.datasource.mappers.FunctionMapper.selectByExample - ==> Parameters: true(Boolean), 030113(String), 1(String)
2023/06/22-10:38:24 DEBUG [http-nio-9999-exec-8] com.jsh.erp.datasource.mappers.FunctionMapper.selectByExample - <==      Total: 0
2023/06/22-10:38:24 DEBUG [http-nio-9999-exec-8] com.jsh.erp.datasource.mappers.FunctionMapper.selectByExample - ==>  Preparing: SELECT id, number, name, parent_number, url, component, state, sort, enabled, type, push_btn, icon, delete_flag FROM jsh_function WHERE (enabled = ? AND parent_number = ? AND delete_flag <> ?) ORDER BY Sort 
2023/06/22-10:38:24 DEBUG [http-nio-9999-exec-8] com.jsh.erp.datasource.mappers.FunctionMapper.selectByExample - ==> Parameters: true(Boolean), 030102(String), 1(String)
2023/06/22-10:38:24 DEBUG [http-nio-9999-exec-8] com.jsh.erp.datasource.mappers.FunctionMapper.selectByExample - <==      Total: 0
2023/06/22-10:38:24 DEBUG [http-nio-9999-exec-8] com.jsh.erp.datasource.mappers.FunctionMapper.selectByExample - ==>  Preparing: SELECT id, number, name, parent_number, url, component, state, sort, enabled, type, push_btn, icon, delete_flag FROM jsh_function WHERE (enabled = ? AND parent_number = ? AND delete_flag <> ?) ORDER BY Sort 
2023/06/22-10:38:24 DEBUG [http-nio-9999-exec-8] com.jsh.erp.datasource.mappers.FunctionMapper.selectByExample - ==> Parameters: true(Boolean), 030103(String), 1(String)
2023/06/22-10:38:24 DEBUG [http-nio-9999-exec-8] com.jsh.erp.datasource.mappers.FunctionMapper.selectByExample - <==      Total: 0
2023/06/22-10:38:24 DEBUG [http-nio-9999-exec-8] com.jsh.erp.datasource.mappers.FunctionMapper.selectByExample - ==>  Preparing: SELECT id, number, name, parent_number, url, component, state, sort, enabled, type, push_btn, icon, delete_flag FROM jsh_function WHERE (enabled = ? AND parent_number = ? AND delete_flag <> ?) ORDER BY Sort 
2023/06/22-10:38:24 DEBUG [http-nio-9999-exec-8] com.jsh.erp.datasource.mappers.FunctionMapper.selectByExample - ==> Parameters: true(Boolean), 030104(String), 1(String)
2023/06/22-10:38:24 DEBUG [http-nio-9999-exec-8] com.jsh.erp.datasource.mappers.FunctionMapper.selectByExample - <==      Total: 0
2023/06/22-10:38:24 DEBUG [http-nio-9999-exec-8] com.jsh.erp.datasource.mappers.FunctionMapper.selectByExample - ==>  Preparing: SELECT id, number, name, parent_number, url, component, state, sort, enabled, type, push_btn, icon, delete_flag FROM jsh_function WHERE (enabled = ? AND parent_number = ? AND delete_flag <> ?) ORDER BY Sort 
2023/06/22-10:38:24 DEBUG [http-nio-9999-exec-8] com.jsh.erp.datasource.mappers.FunctionMapper.selectByExample - ==> Parameters: true(Boolean), 030106(String), 1(String)
2023/06/22-10:38:24 DEBUG [http-nio-9999-exec-8] com.jsh.erp.datasource.mappers.FunctionMapper.selectByExample - <==      Total: 0
2023/06/22-10:38:24 DEBUG [http-nio-9999-exec-8] com.jsh.erp.datasource.mappers.FunctionMapper.selectByExample - ==>  Preparing: SELECT id, number, name, parent_number, url, component, state, sort, enabled, type, push_btn, icon, delete_flag FROM jsh_function WHERE (enabled = ? AND parent_number = ? AND delete_flag <> ?) ORDER BY Sort 
2023/06/22-10:38:24 DEBUG [http-nio-9999-exec-8] com.jsh.erp.datasource.mappers.FunctionMapper.selectByExample - ==> Parameters: true(Boolean), 030107(String), 1(String)
2023/06/22-10:38:24 DEBUG [http-nio-9999-exec-8] com.jsh.erp.datasource.mappers.FunctionMapper.selectByExample - <==      Total: 0
2023/06/22-10:38:24 DEBUG [http-nio-9999-exec-8] com.jsh.erp.datasource.mappers.FunctionMapper.selectByExample - ==>  Preparing: SELECT id, number, name, parent_number, url, component, state, sort, enabled, type, push_btn, icon, delete_flag FROM jsh_function WHERE (enabled = ? AND parent_number = ? AND delete_flag <> ?) ORDER BY Sort 
2023/06/22-10:38:24 DEBUG [http-nio-9999-exec-8] com.jsh.erp.datasource.mappers.FunctionMapper.selectByExample - ==> Parameters: true(Boolean), 030150(String), 1(String)
2023/06/22-10:38:24 DEBUG [http-nio-9999-exec-8] com.jsh.erp.datasource.mappers.FunctionMapper.selectByExample - <==      Total: 0
2023/06/22-10:38:24 DEBUG [http-nio-9999-exec-8] com.jsh.erp.datasource.mappers.FunctionMapper.selectByExample - ==>  Preparing: SELECT id, number, name, parent_number, url, component, state, sort, enabled, type, push_btn, icon, delete_flag FROM jsh_function WHERE (enabled = ? AND parent_number = ? AND delete_flag <> ?) ORDER BY Sort 
2023/06/22-10:38:24 DEBUG [http-nio-9999-exec-8] com.jsh.erp.datasource.mappers.FunctionMapper.selectByExample - ==> Parameters: true(Boolean), 030108(String), 1(String)
2023/06/22-10:38:24 DEBUG [http-nio-9999-exec-8] com.jsh.erp.datasource.mappers.FunctionMapper.selectByExample - <==      Total: 0
2023/06/22-10:38:24 DEBUG [http-nio-9999-exec-8] com.jsh.erp.datasource.mappers.FunctionMapper.selectByExample - ==>  Preparing: SELECT id, number, name, parent_number, url, component, state, sort, enabled, type, push_btn, icon, delete_flag FROM jsh_function WHERE (enabled = ? AND parent_number = ? AND delete_flag <> ?) ORDER BY Sort 
2023/06/22-10:38:24 DEBUG [http-nio-9999-exec-8] com.jsh.erp.datasource.mappers.FunctionMapper.selectByExample - ==> Parameters: true(Boolean), 030109(String), 1(String)
2023/06/22-10:38:24 DEBUG [http-nio-9999-exec-8] com.jsh.erp.datasource.mappers.FunctionMapper.selectByExample - <==      Total: 0
2023/06/22-10:38:24 DEBUG [http-nio-9999-exec-8] com.jsh.erp.datasource.mappers.FunctionMapper.selectByExample - ==>  Preparing: SELECT id, number, name, parent_number, url, component, state, sort, enabled, type, push_btn, icon, delete_flag FROM jsh_function WHERE (enabled = ? AND parent_number = ? AND delete_flag <> ?) ORDER BY Sort 
2023/06/22-10:38:24 DEBUG [http-nio-9999-exec-8] com.jsh.erp.datasource.mappers.FunctionMapper.selectByExample - ==> Parameters: true(Boolean), 030101(String), 1(String)
2023/06/22-10:38:24 DEBUG [http-nio-9999-exec-8] com.jsh.erp.datasource.mappers.FunctionMapper.selectByExample - <==      Total: 0
2023/06/22-10:38:24 DEBUG [http-nio-9999-exec-8] com.jsh.erp.datasource.mappers.FunctionMapper.selectByExample - ==>  Preparing: SELECT id, number, name, parent_number, url, component, state, sort, enabled, type, push_btn, icon, delete_flag FROM jsh_function WHERE (enabled = ? AND parent_number = ? AND delete_flag <> ?) ORDER BY Sort 
2023/06/22-10:38:24 DEBUG [http-nio-9999-exec-8] com.jsh.erp.datasource.mappers.FunctionMapper.selectByExample - ==> Parameters: true(Boolean), 030110(String), 1(String)
2023/06/22-10:38:24 DEBUG [http-nio-9999-exec-8] com.jsh.erp.datasource.mappers.FunctionMapper.selectByExample - <==      Total: 0
2023/06/22-10:38:24 DEBUG [http-nio-9999-exec-8] com.jsh.erp.datasource.mappers.FunctionMapper.selectByExample - ==>  Preparing: SELECT id, number, name, parent_number, url, component, state, sort, enabled, type, push_btn, icon, delete_flag FROM jsh_function WHERE (enabled = ? AND parent_number = ? AND delete_flag <> ?) ORDER BY Sort 
2023/06/22-10:38:24 DEBUG [http-nio-9999-exec-8] com.jsh.erp.datasource.mappers.FunctionMapper.selectByExample - ==> Parameters: true(Boolean), 030111(String), 1(String)
2023/06/22-10:38:24 DEBUG [http-nio-9999-exec-8] com.jsh.erp.datasource.mappers.FunctionMapper.selectByExample - <==      Total: 0
2023/06/22-10:38:24 DEBUG [http-nio-9999-exec-8] com.jsh.erp.datasource.mappers.FunctionMapper.selectByExample - ==>  Preparing: SELECT id, number, name, parent_number, url, component, state, sort, enabled, type, push_btn, icon, delete_flag FROM jsh_function WHERE (enabled = ? AND parent_number = ? AND delete_flag <> ?) ORDER BY Sort 
2023/06/22-10:38:24 DEBUG [http-nio-9999-exec-8] com.jsh.erp.datasource.mappers.FunctionMapper.selectByExample - ==> Parameters: true(Boolean), 030112(String), 1(String)
2023/06/22-10:38:24 DEBUG [http-nio-9999-exec-8] com.jsh.erp.datasource.mappers.FunctionMapper.selectByExample - <==      Total: 0
2023/06/22-10:38:24 DEBUG [http-nio-9999-exec-8] com.jsh.erp.datasource.mappers.FunctionMapper.selectByExample - ==>  Preparing: SELECT id, number, name, parent_number, url, component, state, sort, enabled, type, push_btn, icon, delete_flag FROM jsh_function WHERE (enabled = ? AND parent_number = ? AND delete_flag <> ?) ORDER BY Sort 
2023/06/22-10:38:24 DEBUG [http-nio-9999-exec-8] com.jsh.erp.datasource.mappers.FunctionMapper.selectByExample - ==> Parameters: true(Boolean), 0101(String), 1(String)
2023/06/22-10:38:24 DEBUG [http-nio-9999-exec-8] com.jsh.erp.datasource.mappers.FunctionMapper.selectByExample - <==      Total: 4
2023/06/22-10:38:24 DEBUG [http-nio-9999-exec-8] com.jsh.erp.datasource.mappers.FunctionMapper.selectByExample - ==>  Preparing: SELECT id, number, name, parent_number, url, component, state, sort, enabled, type, push_btn, icon, delete_flag FROM jsh_function WHERE (enabled = ? AND parent_number = ? AND delete_flag <> ?) ORDER BY Sort 
2023/06/22-10:38:24 DEBUG [http-nio-9999-exec-8] com.jsh.erp.datasource.mappers.FunctionMapper.selectByExample - ==> Parameters: true(Boolean), 010101(String), 1(String)
2023/06/22-10:38:24 DEBUG [http-nio-9999-exec-8] com.jsh.erp.datasource.mappers.FunctionMapper.selectByExample - <==      Total: 0
2023/06/22-10:38:24 DEBUG [http-nio-9999-exec-8] com.jsh.erp.datasource.mappers.FunctionMapper.selectByExample - ==>  Preparing: SELECT id, number, name, parent_number, url, component, state, sort, enabled, type, push_btn, icon, delete_flag FROM jsh_function WHERE (enabled = ? AND parent_number = ? AND delete_flag <> ?) ORDER BY Sort 
2023/06/22-10:38:24 DEBUG [http-nio-9999-exec-8] com.jsh.erp.datasource.mappers.FunctionMapper.selectByExample - ==> Parameters: true(Boolean), 010102(String), 1(String)
2023/06/22-10:38:24 DEBUG [http-nio-9999-exec-8] com.jsh.erp.datasource.mappers.FunctionMapper.selectByExample - <==      Total: 0
2023/06/22-10:38:24 DEBUG [http-nio-9999-exec-8] com.jsh.erp.datasource.mappers.FunctionMapper.selectByExample - ==>  Preparing: SELECT id, number, name, parent_number, url, component, state, sort, enabled, type, push_btn, icon, delete_flag FROM jsh_function WHERE (enabled = ? AND parent_number = ? AND delete_flag <> ?) ORDER BY Sort 
2023/06/22-10:38:24 DEBUG [http-nio-9999-exec-8] com.jsh.erp.datasource.mappers.FunctionMapper.selectByExample - ==> Parameters: true(Boolean), 010103(String), 1(String)
2023/06/22-10:38:24 DEBUG [http-nio-9999-exec-8] com.jsh.erp.datasource.mappers.FunctionMapper.selectByExample - <==      Total: 0
2023/06/22-10:38:24 DEBUG [http-nio-9999-exec-8] com.jsh.erp.datasource.mappers.FunctionMapper.selectByExample - ==>  Preparing: SELECT id, number, name, parent_number, url, component, state, sort, enabled, type, push_btn, icon, delete_flag FROM jsh_function WHERE (enabled = ? AND parent_number = ? AND delete_flag <> ?) ORDER BY Sort 
2023/06/22-10:38:24 DEBUG [http-nio-9999-exec-8] com.jsh.erp.datasource.mappers.FunctionMapper.selectByExample - ==> Parameters: true(Boolean), 010105(String), 1(String)
2023/06/22-10:38:24 DEBUG [http-nio-9999-exec-8] com.jsh.erp.datasource.mappers.FunctionMapper.selectByExample - <==      Total: 0
2023/06/22-10:38:24 DEBUG [http-nio-9999-exec-8] com.jsh.erp.datasource.mappers.FunctionMapper.selectByExample - ==>  Preparing: SELECT id, number, name, parent_number, url, component, state, sort, enabled, type, push_btn, icon, delete_flag FROM jsh_function WHERE (enabled = ? AND parent_number = ? AND delete_flag <> ?) ORDER BY Sort 
2023/06/22-10:38:24 DEBUG [http-nio-9999-exec-8] com.jsh.erp.datasource.mappers.FunctionMapper.selectByExample - ==> Parameters: true(Boolean), 0102(String), 1(String)
2023/06/22-10:38:24 DEBUG [http-nio-9999-exec-8] com.jsh.erp.datasource.mappers.FunctionMapper.selectByExample - <==      Total: 7
2023/06/22-10:38:24 DEBUG [http-nio-9999-exec-8] com.jsh.erp.datasource.mappers.FunctionMapper.selectByExample - ==>  Preparing: SELECT id, number, name, parent_number, url, component, state, sort, enabled, type, push_btn, icon, delete_flag FROM jsh_function WHERE (enabled = ? AND parent_number = ? AND delete_flag <> ?) ORDER BY Sort 
2023/06/22-10:38:24 DEBUG [http-nio-9999-exec-8] com.jsh.erp.datasource.mappers.FunctionMapper.selectByExample - ==> Parameters: true(Boolean), 01020101(String), 1(String)
2023/06/22-10:38:24 DEBUG [http-nio-9999-exec-8] com.jsh.erp.datasource.mappers.FunctionMapper.selectByExample - <==      Total: 0
2023/06/22-10:38:24 DEBUG [http-nio-9999-exec-8] com.jsh.erp.datasource.mappers.FunctionMapper.selectByExample - ==>  Preparing: SELECT id, number, name, parent_number, url, component, state, sort, enabled, type, push_btn, icon, delete_flag FROM jsh_function WHERE (enabled = ? AND parent_number = ? AND delete_flag <> ?) ORDER BY Sort 
2023/06/22-10:38:24 DEBUG [http-nio-9999-exec-8] com.jsh.erp.datasource.mappers.FunctionMapper.selectByExample - ==> Parameters: true(Boolean), 01020102(String), 1(String)
2023/06/22-10:38:24 DEBUG [http-nio-9999-exec-9] com.jsh.erp.datasource.mappers.UserMapper.selectByPrimaryKey - ==>  Preparing: SELECT id, username, login_name, password, position, department, email, phonenum, ismanager, isystem, Status, description, remark, tenant_id FROM jsh_user WHERE jsh_user.tenant_id = 63 AND id = ? 
2023/06/22-10:38:24 DEBUG [http-nio-9999-exec-8] com.jsh.erp.datasource.mappers.FunctionMapper.selectByExample - <==      Total: 0
2023/06/22-10:38:24 DEBUG [http-nio-9999-exec-8] com.jsh.erp.datasource.mappers.FunctionMapper.selectByExample - ==>  Preparing: SELECT id, number, name, parent_number, url, component, state, sort, enabled, type, push_btn, icon, delete_flag FROM jsh_function WHERE (enabled = ? AND parent_number = ? AND delete_flag <> ?) ORDER BY Sort 
2023/06/22-10:38:24 DEBUG [http-nio-9999-exec-8] com.jsh.erp.datasource.mappers.FunctionMapper.selectByExample - ==> Parameters: true(Boolean), 01020103(String), 1(String)
2023/06/22-10:38:24 DEBUG [http-nio-9999-exec-8] com.jsh.erp.datasource.mappers.FunctionMapper.selectByExample - <==      Total: 0
2023/06/22-10:38:24 DEBUG [http-nio-9999-exec-9] com.jsh.erp.datasource.mappers.UserMapper.selectByPrimaryKey - ==> Parameters: 63(Long)
2023/06/22-10:38:24 DEBUG [http-nio-9999-exec-9] com.jsh.erp.datasource.mappers.UserMapper.selectByPrimaryKey - <==      Total: 1
2023/06/22-10:38:24 DEBUG [http-nio-9999-exec-8] com.jsh.erp.datasource.mappers.FunctionMapper.selectByExample - ==>  Preparing: SELECT id, number, name, parent_number, url, component, state, sort, enabled, type, push_btn, icon, delete_flag FROM jsh_function WHERE (enabled = ? AND parent_number = ? AND delete_flag <> ?) ORDER BY Sort 
2023/06/22-10:38:24 DEBUG [http-nio-9999-exec-8] com.jsh.erp.datasource.mappers.FunctionMapper.selectByExample - ==> Parameters: true(Boolean), 010202(String), 1(String)
2023/06/22-10:38:24 DEBUG [http-nio-9999-exec-8] com.jsh.erp.datasource.mappers.FunctionMapper.selectByExample - <==      Total: 0
2023/06/22-10:38:24 DEBUG [http-nio-9999-exec-8] com.jsh.erp.datasource.mappers.FunctionMapper.selectByExample - ==>  Preparing: SELECT id, number, name, parent_number, url, component, state, sort, enabled, type, push_btn, icon, delete_flag FROM jsh_function WHERE (enabled = ? AND parent_number = ? AND delete_flag <> ?) ORDER BY Sort 
2023/06/22-10:38:24 DEBUG [http-nio-9999-exec-9] com.jsh.erp.datasource.mappers.UserMapperEx.countsByUser - ==>  Preparing: SELECT count(user.id) FROM jsh_user user WHERE user.tenant_id = 63 AND 1 = 1 AND user.status != '1' 
2023/06/22-10:38:24 DEBUG [http-nio-9999-exec-10] com.jsh.erp.datasource.mappers.MaterialPropertyMapperEx.selectByConditionMaterialProperty - ==>  Preparing: SELECT * FROM jsh_material_property WHERE 1 = 1 AND ifnull(delete_flag, '0') != '1' LIMIT ?, ? 
2023/06/22-10:38:24 DEBUG [http-nio-9999-exec-8] com.jsh.erp.datasource.mappers.FunctionMapper.selectByExample - ==> Parameters: true(Boolean), 010204(String), 1(String)
2023/06/22-10:38:24 DEBUG [http-nio-9999-exec-9] com.jsh.erp.datasource.mappers.UserMapperEx.countsByUser - ==> Parameters: 
2023/06/22-10:38:24 DEBUG [http-nio-9999-exec-8] com.jsh.erp.datasource.mappers.FunctionMapper.selectByExample - <==      Total: 0
2023/06/22-10:38:24 DEBUG [http-nio-9999-exec-9] com.jsh.erp.datasource.mappers.UserMapperEx.countsByUser - <==      Total: 1
2023/06/22-10:38:24 DEBUG [http-nio-9999-exec-9] com.jsh.erp.datasource.mappers.TenantMapper.selectByExample - ==>  Preparing: SELECT id, tenant_id, login_name, user_num_limit, type, enabled, create_time, expire_time, remark FROM jsh_tenant WHERE (tenant_id = ?) 
2023/06/22-10:38:24 DEBUG [http-nio-9999-exec-8] com.jsh.erp.datasource.mappers.FunctionMapper.selectByExample - ==>  Preparing: SELECT id, number, name, parent_number, url, component, state, sort, enabled, type, push_btn, icon, delete_flag FROM jsh_function WHERE (enabled = ? AND parent_number = ? AND delete_flag <> ?) ORDER BY Sort 
2023/06/22-10:38:24 DEBUG [http-nio-9999-exec-8] com.jsh.erp.datasource.mappers.FunctionMapper.selectByExample - ==> Parameters: true(Boolean), 010205(String), 1(String)
2023/06/22-10:38:24 DEBUG [http-nio-9999-exec-8] com.jsh.erp.datasource.mappers.FunctionMapper.selectByExample - <==      Total: 0
2023/06/22-10:38:24 DEBUG [http-nio-9999-exec-10] com.jsh.erp.datasource.mappers.MaterialPropertyMapperEx.selectByConditionMaterialProperty - ==> Parameters: 0(Integer), 100(Integer)
2023/06/22-10:38:24 DEBUG [http-nio-9999-exec-8] com.jsh.erp.datasource.mappers.FunctionMapper.selectByExample - ==>  Preparing: SELECT id, number, name, parent_number, url, component, state, sort, enabled, type, push_btn, icon, delete_flag FROM jsh_function WHERE (enabled = ? AND parent_number = ? AND delete_flag <> ?) ORDER BY Sort 
2023/06/22-10:38:24 DEBUG [http-nio-9999-exec-10] com.jsh.erp.datasource.mappers.MaterialPropertyMapperEx.selectByConditionMaterialProperty - <==      Total: 4
2023/06/22-10:38:24 DEBUG [http-nio-9999-exec-9] com.jsh.erp.datasource.mappers.TenantMapper.selectByExample - ==> Parameters: 63(Long)
2023/06/22-10:38:24 DEBUG [http-nio-9999-exec-8] com.jsh.erp.datasource.mappers.FunctionMapper.selectByExample - ==> Parameters: true(Boolean), 010206(String), 1(String)
2023/06/22-10:38:24 INFO  [http-nio-9999-exec-10] com.jsh.erp.service.CommonQueryManager - search:null
2023/06/22-10:38:24 INFO  [http-nio-9999-exec-10] com.jsh.erp.service.CommonQueryManager - offset:0
2023/06/22-10:38:24 DEBUG [http-nio-9999-exec-9] com.jsh.erp.datasource.mappers.TenantMapper.selectByExample - <==      Total: 1
2023/06/22-10:38:24 INFO  [http-nio-9999-exec-10] com.jsh.erp.service.CommonQueryManager - pageSize:100
2023/06/22-10:38:24 INFO  [http-nio-9999-exec-10] com.jsh.erp.service.CommonQueryManager - currentPage:1
2023/06/22-10:38:24 DEBUG [http-nio-9999-exec-8] com.jsh.erp.datasource.mappers.FunctionMapper.selectByExample - <==      Total: 0
2023/06/22-10:38:24 DEBUG [http-nio-9999-exec-10] com.jsh.erp.datasource.mappers.MaterialPropertyMapperEx.countsByMaterialProperty - ==>  Preparing: SELECT COUNT(id) FROM jsh_material_property WHERE 1 = 1 AND ifnull(delete_flag, '0') != '1' 
2023/06/22-10:38:24 DEBUG [http-nio-9999-exec-8] com.jsh.erp.datasource.mappers.FunctionMapper.selectByExample - ==>  Preparing: SELECT id, number, name, parent_number, url, component, state, sort, enabled, type, push_btn, icon, delete_flag FROM jsh_function WHERE (enabled = ? AND parent_number = ? AND delete_flag <> ?) ORDER BY Sort 
2023/06/22-10:38:24 DEBUG [http-nio-9999-exec-10] com.jsh.erp.datasource.mappers.MaterialPropertyMapperEx.countsByMaterialProperty - ==> Parameters: 
2023/06/22-10:38:24 DEBUG [http-nio-9999-exec-10] com.jsh.erp.datasource.mappers.MaterialPropertyMapperEx.countsByMaterialProperty - <==      Total: 1
2023/06/22-10:38:24 DEBUG [http-nio-9999-exec-8] com.jsh.erp.datasource.mappers.FunctionMapper.selectByExample - ==> Parameters: true(Boolean), 0001(String), 1(String)
2023/06/22-10:38:24 DEBUG [http-nio-9999-exec-8] com.jsh.erp.datasource.mappers.FunctionMapper.selectByExample - <==      Total: 9
2023/06/22-10:38:24 DEBUG [http-nio-9999-exec-8] com.jsh.erp.datasource.mappers.FunctionMapper.selectByExample - ==>  Preparing: SELECT id, number, name, parent_number, url, component, state, sort, enabled, type, push_btn, icon, delete_flag FROM jsh_function WHERE (enabled = ? AND parent_number = ? AND delete_flag <> ?) ORDER BY Sort 
2023/06/22-10:38:24 DEBUG [http-nio-9999-exec-8] com.jsh.erp.datasource.mappers.FunctionMapper.selectByExample - ==> Parameters: true(Boolean), 000102(String), 1(String)
2023/06/22-10:38:24 DEBUG [http-nio-9999-exec-8] com.jsh.erp.datasource.mappers.FunctionMapper.selectByExample - <==      Total: 0
2023/06/22-10:38:24 DEBUG [http-nio-9999-exec-8] com.jsh.erp.datasource.mappers.FunctionMapper.selectByExample - ==>  Preparing: SELECT id, number, name, parent_number, url, component, state, sort, enabled, type, push_btn, icon, delete_flag FROM jsh_function WHERE (enabled = ? AND parent_number = ? AND delete_flag <> ?) ORDER BY Sort 
2023/06/22-10:38:24 DEBUG [http-nio-9999-exec-8] com.jsh.erp.datasource.mappers.FunctionMapper.selectByExample - ==> Parameters: true(Boolean), 000103(String), 1(String)
2023/06/22-10:38:24 DEBUG [http-nio-9999-exec-8] com.jsh.erp.datasource.mappers.FunctionMapper.selectByExample - <==      Total: 0
2023/06/22-10:38:24 DEBUG [http-nio-9999-exec-8] com.jsh.erp.datasource.mappers.FunctionMapper.selectByExample - ==>  Preparing: SELECT id, number, name, parent_number, url, component, state, sort, enabled, type, push_btn, icon, delete_flag FROM jsh_function WHERE (enabled = ? AND parent_number = ? AND delete_flag <> ?) ORDER BY Sort 
2023/06/22-10:38:24 DEBUG [http-nio-9999-exec-8] com.jsh.erp.datasource.mappers.FunctionMapper.selectByExample - ==> Parameters: true(Boolean), 000108(String), 1(String)
2023/06/22-10:38:24 DEBUG [http-nio-9999-exec-8] com.jsh.erp.datasource.mappers.FunctionMapper.selectByExample - <==      Total: 0
2023/06/22-10:38:24 DEBUG [http-nio-9999-exec-8] com.jsh.erp.datasource.mappers.FunctionMapper.selectByExample - ==>  Preparing: SELECT id, number, name, parent_number, url, component, state, sort, enabled, type, push_btn, icon, delete_flag FROM jsh_function WHERE (enabled = ? AND parent_number = ? AND delete_flag <> ?) ORDER BY Sort 
2023/06/22-10:38:24 DEBUG [http-nio-9999-exec-8] com.jsh.erp.datasource.mappers.FunctionMapper.selectByExample - ==> Parameters: true(Boolean), 000104(String), 1(String)
2023/06/22-10:38:24 DEBUG [http-nio-9999-exec-8] com.jsh.erp.datasource.mappers.FunctionMapper.selectByExample - <==      Total: 0
2023/06/22-10:38:24 DEBUG [http-nio-9999-exec-8] com.jsh.erp.datasource.mappers.FunctionMapper.selectByExample - ==>  Preparing: SELECT id, number, name, parent_number, url, component, state, sort, enabled, type, push_btn, icon, delete_flag FROM jsh_function WHERE (enabled = ? AND parent_number = ? AND delete_flag <> ?) ORDER BY Sort 
2023/06/22-10:38:24 DEBUG [http-nio-9999-exec-8] com.jsh.erp.datasource.mappers.FunctionMapper.selectByExample - ==> Parameters: true(Boolean), 000105(String), 1(String)
2023/06/22-10:38:24 DEBUG [http-nio-9999-exec-8] com.jsh.erp.datasource.mappers.FunctionMapper.selectByExample - <==      Total: 0
2023/06/22-10:38:24 DEBUG [http-nio-9999-exec-8] com.jsh.erp.datasource.mappers.FunctionMapper.selectByExample - ==>  Preparing: SELECT id, number, name, parent_number, url, component, state, sort, enabled, type, push_btn, icon, delete_flag FROM jsh_function WHERE (enabled = ? AND parent_number = ? AND delete_flag <> ?) ORDER BY Sort 
2023/06/22-10:38:24 DEBUG [http-nio-9999-exec-8] com.jsh.erp.datasource.mappers.FunctionMapper.selectByExample - ==> Parameters: true(Boolean), 000105(String), 1(String)
2023/06/22-10:38:24 DEBUG [http-nio-9999-exec-8] com.jsh.erp.datasource.mappers.FunctionMapper.selectByExample - <==      Total: 0
2023/06/22-10:38:24 DEBUG [http-nio-9999-exec-8] com.jsh.erp.datasource.mappers.FunctionMapper.selectByExample - ==>  Preparing: SELECT id, number, name, parent_number, url, component, state, sort, enabled, type, push_btn, icon, delete_flag FROM jsh_function WHERE (enabled = ? AND parent_number = ? AND delete_flag <> ?) ORDER BY Sort 
2023/06/22-10:38:24 DEBUG [http-nio-9999-exec-8] com.jsh.erp.datasource.mappers.FunctionMapper.selectByExample - ==> Parameters: true(Boolean), 000109(String), 1(String)
2023/06/22-10:38:24 DEBUG [http-nio-9999-exec-8] com.jsh.erp.datasource.mappers.FunctionMapper.selectByExample - <==      Total: 0
2023/06/22-10:38:24 DEBUG [http-nio-9999-exec-8] com.jsh.erp.datasource.mappers.FunctionMapper.selectByExample - ==>  Preparing: SELECT id, number, name, parent_number, url, component, state, sort, enabled, type, push_btn, icon, delete_flag FROM jsh_function WHERE (enabled = ? AND parent_number = ? AND delete_flag <> ?) ORDER BY Sort 
2023/06/22-10:38:24 DEBUG [http-nio-9999-exec-8] com.jsh.erp.datasource.mappers.FunctionMapper.selectByExample - ==> Parameters: true(Boolean), 000106(String), 1(String)
2023/06/22-10:38:24 DEBUG [http-nio-9999-exec-8] com.jsh.erp.datasource.mappers.FunctionMapper.selectByExample - <==      Total: 0
2023/06/22-10:38:24 DEBUG [http-nio-9999-exec-8] com.jsh.erp.datasource.mappers.FunctionMapper.selectByExample - ==>  Preparing: SELECT id, number, name, parent_number, url, component, state, sort, enabled, type, push_btn, icon, delete_flag FROM jsh_function WHERE (enabled = ? AND parent_number = ? AND delete_flag <> ?) ORDER BY Sort 
2023/06/22-10:38:24 DEBUG [http-nio-9999-exec-8] com.jsh.erp.datasource.mappers.FunctionMapper.selectByExample - ==> Parameters: true(Boolean), 000107(String), 1(String)
2023/06/22-10:38:24 DEBUG [http-nio-9999-exec-8] com.jsh.erp.datasource.mappers.FunctionMapper.selectByExample - <==      Total: 0
2023/06/22-10:38:25 DEBUG [http-nio-9999-exec-1] com.jsh.erp.datasource.mappers.PlatformConfigMapper.selectByExample - ==>  Preparing: SELECT id, platform_key, platform_key_info, platform_value FROM jsh_platform_config WHERE (platform_key = ?) 
2023/06/22-10:38:25 DEBUG [http-nio-9999-exec-1] com.jsh.erp.datasource.mappers.PlatformConfigMapper.selectByExample - ==> Parameters: pay_fee_url(String)
2023/06/22-10:38:25 DEBUG [http-nio-9999-exec-1] com.jsh.erp.datasource.mappers.PlatformConfigMapper.selectByExample - <==      Total: 1
2023/06/22-10:38:25 DEBUG [http-nio-9999-exec-2] com.jsh.erp.datasource.mappers.AccountMapperEx.getAccountByParam - ==>  Preparing: SELECT * FROM jsh_account WHERE jsh_account.tenant_id = 63 AND 1 = 1 
2023/06/22-10:38:25 DEBUG [http-nio-9999-exec-6] com.jsh.erp.datasource.mappers.AccountMapperEx.selectByConditionAccount - ==>  Preparing: SELECT * FROM jsh_account WHERE jsh_account.tenant_id = 63 AND 1 = 1 AND ifnull(delete_flag, '0') != '1' LIMIT ?, ? 
2023/06/22-10:38:25 DEBUG [http-nio-9999-exec-4] com.jsh.erp.datasource.mappers.AccountMapperEx.findAccountInOutList - ==>  Preparing: SELECT dh.number, concat(dh.sub_type, dh.type) AS newType, 'bill' AS fromType, s.supplier, dh.change_amount, date_format(dh.oper_time, '%Y-%m-%d %H:%i:%S') AS oTime, '' AS AList, '' AS AMList FROM jsh_depot_head dh LEFT JOIN jsh_supplier s ON s.tenant_id = 63 AND dh.organ_id = s.id AND ifnull(s.delete_flag, '0') != '1' WHERE dh.tenant_id = 63 AND 1 = 1 AND ifnull(dh.delete_flag, '0') != '1' UNION ALL SELECT ah.bill_no, ah.type AS newType, 'financial' AS fromType, s.supplier, ah.change_amount, date_format(ah.bill_time, '%Y-%m-%d %H:%i:%S') AS oTime, '' AS AList, '' AS AMList FROM jsh_account_head ah LEFT JOIN jsh_supplier s ON s.tenant_id = 63 AND ah.organ_id = s.id AND ifnull(s.delete_flag, '0') != '1' WHERE ah.tenant_id = 63 AND 1 = 1 AND ifnull(ah.delete_flag, '0') != '1' UNION ALL SELECT ah.bill_no, ah.type AS newType, 'financial' AS fromType, s.supplier, ai.each_amount, date_format(ah.bill_time, '%Y-%m-%d %H:%i:%S') AS oTime, '' AS AList, '' AS AMList FROM jsh_account_head ah LEFT JOIN jsh_supplier s ON s.tenant_id = 63 AND ah.organ_id = s.id INNER JOIN jsh_account_item ai ON ai.tenant_id = 63 AND ai.header_id = ah.id AND ifnull(ai.delete_flag, '0') != '1' WHERE ah.tenant_id = 63 AND ah.type IN ('收款', '付款', '收预付款') AND ifnull(ah.delete_flag, '0') != '1' UNION ALL SELECT ah.bill_no, ah.type AS newType, 'financial' AS fromType, '' AS sName, ah.change_amount, date_format(ah.bill_time, '%Y-%m-%d %H:%i:%S') AS oTime, '' AS AList, '' AS AMList FROM jsh_account_head ah INNER JOIN jsh_account_item ai ON ai.tenant_id = 63 AND ai.header_id = ah.id AND ifnull(ai.delete_flag, '0') != '1' WHERE ah.tenant_id = 63 AND ah.type = '转账' AND ifnull(ah.delete_flag, '0') != '1' UNION ALL SELECT ah.bill_no, ah.type AS newType, 'financial' AS fromType, '' AS sName, ai.each_amount, date_format(ah.bill_time, '%Y-%m-%d %H:%i:%S') AS oTime, '' AS AList, '' AS AMList FROM jsh_account_head ah INNER JOIN jsh_account_item ai ON ai.tenant_id = 63 AND ai.header_id = ah.id AND ifnull(ai.delete_flag, '0') != '1' WHERE ah.tenant_id = 63 AND ah.type = '转账' AND ifnull(ah.delete_flag, '0') != '1' UNION ALL SELECT dh.number, concat(dh.sub_type, dh.type) AS newType, 'bill' AS fromType, s.supplier, dh.change_amount, date_format(dh.oper_time, '%Y-%m-%d %H:%i:%S') AS oTime, dh.account_id_list AS AList, dh.account_money_list AS AMList FROM jsh_depot_head dh LEFT JOIN jsh_supplier s ON s.tenant_id = 63 AND dh.organ_id = s.id AND ifnull(s.delete_flag, '0') != '1' WHERE dh.tenant_id = 63 AND 1 = 1 AND ifnull(dh.delete_flag, '0') != '1' ORDER BY oTime DESC LIMIT ?, ? 
2023/06/22-10:38:25 DEBUG [http-nio-9999-exec-2] com.jsh.erp.datasource.mappers.AccountMapperEx.getAccountByParam - ==> Parameters: 
2023/06/22-10:38:25 DEBUG [http-nio-9999-exec-6] com.jsh.erp.datasource.mappers.AccountMapperEx.selectByConditionAccount - ==> Parameters: 0(Integer), 10(Integer)
2023/06/22-10:38:25 DEBUG [http-nio-9999-exec-6] com.jsh.erp.datasource.mappers.AccountMapperEx.selectByConditionAccount - <==      Total: 2
2023/06/22-10:38:25 DEBUG [http-nio-9999-exec-2] com.jsh.erp.datasource.mappers.AccountMapperEx.getAccountByParam - <==      Total: 2
2023/06/22-10:38:25 DEBUG [http-nio-9999-exec-6] com.jsh.erp.datasource.mappers.DepotHeadMapper.selectByExample - ==>  Preparing: SELECT id, type, sub_type, default_number, number, create_time, oper_time, organ_id, creator, account_id, change_amount, total_price, pay_type, bill_type, remark, file_name, sales_man, account_id_list, account_money_list, discount, discount_money, discount_last_money, other_money, status, link_number, tenant_id, delete_flag FROM jsh_depot_head WHERE jsh_depot_head.tenant_id = 63 AND (account_id = ? AND pay_type <> ? AND oper_time >= ? AND oper_time <= ? AND delete_flag <> ?) 
2023/06/22-10:38:25 DEBUG [http-nio-9999-exec-2] com.jsh.erp.datasource.mappers.DepotHeadMapper.selectByExample - ==>  Preparing: SELECT id, type, sub_type, default_number, number, create_time, oper_time, organ_id, creator, account_id, change_amount, total_price, pay_type, bill_type, remark, file_name, sales_man, account_id_list, account_money_list, discount, discount_money, discount_last_money, other_money, status, link_number, tenant_id, delete_flag FROM jsh_depot_head WHERE jsh_depot_head.tenant_id = 63 AND (account_id = ? AND pay_type <> ? AND oper_time >= ? AND oper_time <= ? AND delete_flag <> ?) 
2023/06/22-10:38:25 DEBUG [http-nio-9999-exec-2] com.jsh.erp.datasource.mappers.DepotHeadMapper.selectByExample - ==> Parameters: 17(Long), 预付款(String), 2023-06-01 00:00:00.0(Timestamp), 2023-06-30 23:59:59.0(Timestamp), 1(String)
2023/06/22-10:38:25 DEBUG [http-nio-9999-exec-6] com.jsh.erp.datasource.mappers.DepotHeadMapper.selectByExample - ==> Parameters: 17(Long), 预付款(String), 2023-06-01 00:00:00.0(Timestamp), 2023-06-30 23:59:59.0(Timestamp), 1(String)
2023/06/22-10:38:25 DEBUG [http-nio-9999-exec-6] com.jsh.erp.datasource.mappers.DepotHeadMapper.selectByExample - <==      Total: 0
2023/06/22-10:38:25 DEBUG [http-nio-9999-exec-2] com.jsh.erp.datasource.mappers.DepotHeadMapper.selectByExample - <==      Total: 0
2023/06/22-10:38:25 DEBUG [http-nio-9999-exec-2] com.jsh.erp.datasource.mappers.AccountHeadMapper.selectByExample - ==>  Preparing: SELECT id, type, organ_id, hands_person_id, creator, change_amount, discount_money, total_price, account_id, bill_no, bill_time, remark, file_name, status, tenant_id, delete_flag FROM jsh_account_head WHERE jsh_account_head.tenant_id = 63 AND (account_id = ? AND bill_time >= ? AND bill_time <= ? AND delete_flag <> ?) 
2023/06/22-10:38:25 DEBUG [http-nio-9999-exec-6] com.jsh.erp.datasource.mappers.AccountHeadMapper.selectByExample - ==>  Preparing: SELECT id, type, organ_id, hands_person_id, creator, change_amount, discount_money, total_price, account_id, bill_no, bill_time, remark, file_name, status, tenant_id, delete_flag FROM jsh_account_head WHERE jsh_account_head.tenant_id = 63 AND (account_id = ? AND bill_time >= ? AND bill_time <= ? AND delete_flag <> ?) 
2023/06/22-10:38:25 DEBUG [http-nio-9999-exec-6] com.jsh.erp.datasource.mappers.AccountHeadMapper.selectByExample - ==> Parameters: 17(Long), 2023-06-01 00:00:00.0(Timestamp), 2023-06-30 23:59:59.0(Timestamp), 1(String)
2023/06/22-10:38:25 DEBUG [http-nio-9999-exec-2] com.jsh.erp.datasource.mappers.AccountHeadMapper.selectByExample - ==> Parameters: 17(Long), 2023-06-01 00:00:00.0(Timestamp), 2023-06-30 23:59:59.0(Timestamp), 1(String)
2023/06/22-10:38:25 DEBUG [http-nio-9999-exec-2] com.jsh.erp.datasource.mappers.AccountHeadMapper.selectByExample - <==      Total: 0
2023/06/22-10:38:25 DEBUG [http-nio-9999-exec-6] com.jsh.erp.datasource.mappers.AccountHeadMapper.selectByExample - <==      Total: 0
2023/06/22-10:38:25 DEBUG [http-nio-9999-exec-2] com.jsh.erp.datasource.mappers.AccountHeadMapper.selectByExample - ==>  Preparing: SELECT id, type, organ_id, hands_person_id, creator, change_amount, discount_money, total_price, account_id, bill_no, bill_time, remark, file_name, status, tenant_id, delete_flag FROM jsh_account_head WHERE jsh_account_head.tenant_id = 63 AND (bill_time >= ? AND bill_time <= ? AND delete_flag <> ?) 
2023/06/22-10:38:25 DEBUG [http-nio-9999-exec-6] com.jsh.erp.datasource.mappers.AccountHeadMapper.selectByExample - ==>  Preparing: SELECT id, type, organ_id, hands_person_id, creator, change_amount, discount_money, total_price, account_id, bill_no, bill_time, remark, file_name, status, tenant_id, delete_flag FROM jsh_account_head WHERE jsh_account_head.tenant_id = 63 AND (bill_time >= ? AND bill_time <= ? AND delete_flag <> ?) 
2023/06/22-10:38:25 DEBUG [http-nio-9999-exec-2] com.jsh.erp.datasource.mappers.AccountHeadMapper.selectByExample - ==> Parameters: 2023-06-01 00:00:00.0(Timestamp), 2023-06-30 23:59:59.0(Timestamp), 1(String)
2023/06/22-10:38:25 DEBUG [http-nio-9999-exec-6] com.jsh.erp.datasource.mappers.AccountHeadMapper.selectByExample - ==> Parameters: 2023-06-01 00:00:00.0(Timestamp), 2023-06-30 23:59:59.0(Timestamp), 1(String)
2023/06/22-10:38:25 DEBUG [http-nio-9999-exec-2] com.jsh.erp.datasource.mappers.AccountHeadMapper.selectByExample - <==      Total: 0
2023/06/22-10:38:25 DEBUG [http-nio-9999-exec-6] com.jsh.erp.datasource.mappers.AccountHeadMapper.selectByExample - <==      Total: 0
2023/06/22-10:38:25 DEBUG [http-nio-9999-exec-6] com.jsh.erp.datasource.mappers.DepotHeadMapper.selectByExample - ==>  Preparing: SELECT id, type, sub_type, default_number, number, create_time, oper_time, organ_id, creator, account_id, change_amount, total_price, pay_type, bill_type, remark, file_name, sales_man, account_id_list, account_money_list, discount, discount_money, discount_last_money, other_money, status, link_number, tenant_id, delete_flag FROM jsh_depot_head WHERE jsh_depot_head.tenant_id = 63 AND (account_id_list LIKE ? AND oper_time >= ? AND oper_time <= ? AND delete_flag <> ?) 
2023/06/22-10:38:25 DEBUG [http-nio-9999-exec-2] com.jsh.erp.datasource.mappers.DepotHeadMapper.selectByExample - ==>  Preparing: SELECT id, type, sub_type, default_number, number, create_time, oper_time, organ_id, creator, account_id, change_amount, total_price, pay_type, bill_type, remark, file_name, sales_man, account_id_list, account_money_list, discount, discount_money, discount_last_money, other_money, status, link_number, tenant_id, delete_flag FROM jsh_depot_head WHERE jsh_depot_head.tenant_id = 63 AND (account_id_list LIKE ? AND oper_time >= ? AND oper_time <= ? AND delete_flag <> ?) 
2023/06/22-10:38:25 DEBUG [http-nio-9999-exec-6] com.jsh.erp.datasource.mappers.DepotHeadMapper.selectByExample - ==> Parameters: %17%(String), 2023-06-01 00:00:00.0(Timestamp), 2023-06-30 23:59:59.0(Timestamp), 1(String)
2023/06/22-10:38:25 DEBUG [http-nio-9999-exec-2] com.jsh.erp.datasource.mappers.DepotHeadMapper.selectByExample - ==> Parameters: %17%(String), 2023-06-01 00:00:00.0(Timestamp), 2023-06-30 23:59:59.0(Timestamp), 1(String)
2023/06/22-10:38:25 DEBUG [http-nio-9999-exec-6] com.jsh.erp.datasource.mappers.DepotHeadMapper.selectByExample - <==      Total: 0
2023/06/22-10:38:25 DEBUG [http-nio-9999-exec-2] com.jsh.erp.datasource.mappers.DepotHeadMapper.selectByExample - <==      Total: 0
2023/06/22-10:38:25 DEBUG [http-nio-9999-exec-2] com.jsh.erp.datasource.mappers.DepotHeadMapper.selectByExample - ==>  Preparing: SELECT id, type, sub_type, default_number, number, create_time, oper_time, organ_id, creator, account_id, change_amount, total_price, pay_type, bill_type, remark, file_name, sales_man, account_id_list, account_money_list, discount, discount_money, discount_last_money, other_money, status, link_number, tenant_id, delete_flag FROM jsh_depot_head WHERE jsh_depot_head.tenant_id = 63 AND (account_id = ? AND pay_type <> ? AND delete_flag <> ?) 
2023/06/22-10:38:25 DEBUG [http-nio-9999-exec-6] com.jsh.erp.datasource.mappers.DepotHeadMapper.selectByExample - ==>  Preparing: SELECT id, type, sub_type, default_number, number, create_time, oper_time, organ_id, creator, account_id, change_amount, total_price, pay_type, bill_type, remark, file_name, sales_man, account_id_list, account_money_list, discount, discount_money, discount_last_money, other_money, status, link_number, tenant_id, delete_flag FROM jsh_depot_head WHERE jsh_depot_head.tenant_id = 63 AND (account_id = ? AND pay_type <> ? AND delete_flag <> ?) 
2023/06/22-10:38:25 DEBUG [http-nio-9999-exec-2] com.jsh.erp.datasource.mappers.DepotHeadMapper.selectByExample - ==> Parameters: 17(Long), 预付款(String), 1(String)
2023/06/22-10:38:25 DEBUG [http-nio-9999-exec-6] com.jsh.erp.datasource.mappers.DepotHeadMapper.selectByExample - ==> Parameters: 17(Long), 预付款(String), 1(String)
2023/06/22-10:38:25 DEBUG [http-nio-9999-exec-4] com.jsh.erp.datasource.mappers.AccountMapperEx.findAccountInOutList - ==> Parameters: 0(Integer), 10(Integer)
2023/06/22-10:38:25 DEBUG [http-nio-9999-exec-2] com.jsh.erp.datasource.mappers.DepotHeadMapper.selectByExample - <==      Total: 9
2023/06/22-10:38:25 DEBUG [http-nio-9999-exec-6] com.jsh.erp.datasource.mappers.DepotHeadMapper.selectByExample - <==      Total: 9
2023/06/22-10:38:25 DEBUG [http-nio-9999-exec-4] com.jsh.erp.datasource.mappers.AccountMapperEx.findAccountInOutList - <==      Total: 10
2023/06/22-10:38:25 DEBUG [http-nio-9999-exec-6] com.jsh.erp.datasource.mappers.AccountHeadMapper.selectByExample - ==>  Preparing: SELECT id, type, organ_id, hands_person_id, creator, change_amount, discount_money, total_price, account_id, bill_no, bill_time, remark, file_name, status, tenant_id, delete_flag FROM jsh_account_head WHERE jsh_account_head.tenant_id = 63 AND (account_id = ? AND delete_flag <> ?) 
2023/06/22-10:38:25 DEBUG [http-nio-9999-exec-2] com.jsh.erp.datasource.mappers.AccountHeadMapper.selectByExample - ==>  Preparing: SELECT id, type, organ_id, hands_person_id, creator, change_amount, discount_money, total_price, account_id, bill_no, bill_time, remark, file_name, status, tenant_id, delete_flag FROM jsh_account_head WHERE jsh_account_head.tenant_id = 63 AND (account_id = ? AND delete_flag <> ?) 
2023/06/22-10:38:25 DEBUG [http-nio-9999-exec-2] com.jsh.erp.datasource.mappers.AccountHeadMapper.selectByExample - ==> Parameters: 17(Long), 1(String)
2023/06/22-10:38:25 DEBUG [http-nio-9999-exec-6] com.jsh.erp.datasource.mappers.AccountHeadMapper.selectByExample - ==> Parameters: 17(Long), 1(String)
2023/06/22-10:38:25 DEBUG [http-nio-9999-exec-4] com.jsh.erp.datasource.mappers.AccountMapperEx.findAccountInOutListCount - ==>  Preparing: SELECT sum(a) FROM (SELECT count(1) a FROM jsh_depot_head dh LEFT JOIN jsh_supplier s ON s.tenant_id = 63 AND dh.organ_id = s.id AND ifnull(s.delete_flag, '0') != '1' WHERE dh.tenant_id = 63 AND 1 = 1 AND ifnull(dh.delete_flag, '0') != '1' UNION ALL SELECT count(1) a FROM jsh_account_head ah LEFT JOIN jsh_supplier s ON s.tenant_id = 63 AND ah.organ_id = s.id AND ifnull(s.delete_flag, '0') != '1' WHERE ah.tenant_id = 63 AND 1 = 1 AND ifnull(ah.delete_flag, '0') != '1' UNION ALL SELECT count(1) a FROM jsh_account_head ah LEFT JOIN jsh_supplier s ON s.tenant_id = 63 AND ah.organ_id = s.id INNER JOIN jsh_account_item ai ON ai.tenant_id = 63 AND ai.header_id = ah.Id AND ifnull(ai.delete_flag, '0') != '1' WHERE ah.tenant_id = 63 AND ah.Type IN ('收款', '付款', '收预付款') AND ifnull(ah.delete_flag, '0') != '1' UNION ALL SELECT count(1) a FROM jsh_account_head ah INNER JOIN jsh_account_item ai ON ai.tenant_id = 63 AND ai.header_id = ah.id AND ifnull(ai.delete_flag, '0') != '1' WHERE ah.tenant_id = 63 AND ah.type = '转账' AND ifnull(ah.delete_flag, '0') != '1' UNION ALL SELECT count(1) a FROM jsh_account_head ah INNER JOIN jsh_account_item ai ON ai.tenant_id = 63 AND ai.header_id = ah.id AND ifnull(ai.delete_flag, '0') != '1' WHERE ah.tenant_id = 63 AND ah.type = '转账' AND ifnull(ah.delete_flag, '0') != '1' UNION ALL SELECT count(1) a FROM jsh_depot_head dh LEFT JOIN jsh_supplier s ON s.tenant_id = 63 AND dh.organ_id = s.id AND ifnull(s.delete_flag, '0') != '1' WHERE dh.tenant_id = 63 AND 1 = 1 AND ifnull(dh.delete_flag, '0') != '1') cc 
2023/06/22-10:38:25 DEBUG [http-nio-9999-exec-2] com.jsh.erp.datasource.mappers.AccountHeadMapper.selectByExample - <==      Total: 5
2023/06/22-10:38:25 DEBUG [http-nio-9999-exec-6] com.jsh.erp.datasource.mappers.AccountHeadMapper.selectByExample - <==      Total: 5
2023/06/22-10:38:25 DEBUG [http-nio-9999-exec-6] com.jsh.erp.datasource.mappers.AccountHeadMapper.selectByExample - ==>  Preparing: SELECT id, type, organ_id, hands_person_id, creator, change_amount, discount_money, total_price, account_id, bill_no, bill_time, remark, file_name, status, tenant_id, delete_flag FROM jsh_account_head WHERE jsh_account_head.tenant_id = 63 
2023/06/22-10:38:25 DEBUG [http-nio-9999-exec-2] com.jsh.erp.datasource.mappers.AccountHeadMapper.selectByExample - ==>  Preparing: SELECT id, type, organ_id, hands_person_id, creator, change_amount, discount_money, total_price, account_id, bill_no, bill_time, remark, file_name, status, tenant_id, delete_flag FROM jsh_account_head WHERE jsh_account_head.tenant_id = 63 
2023/06/22-10:38:25 DEBUG [http-nio-9999-exec-4] com.jsh.erp.datasource.mappers.AccountMapperEx.findAccountInOutListCount - ==> Parameters: 
2023/06/22-10:38:25 DEBUG [http-nio-9999-exec-4] com.jsh.erp.datasource.mappers.AccountMapperEx.findAccountInOutListCount - <==      Total: 1
2023/06/22-10:38:25 DEBUG [http-nio-9999-exec-6] com.jsh.erp.datasource.mappers.AccountHeadMapper.selectByExample - ==> Parameters: 
2023/06/22-10:38:25 DEBUG [http-nio-9999-exec-2] com.jsh.erp.datasource.mappers.AccountHeadMapper.selectByExample - ==> Parameters: 
2023/06/22-10:38:25 DEBUG [http-nio-9999-exec-2] com.jsh.erp.datasource.mappers.AccountHeadMapper.selectByExample - <==      Total: 6
2023/06/22-10:38:25 DEBUG [http-nio-9999-exec-6] com.jsh.erp.datasource.mappers.AccountHeadMapper.selectByExample - <==      Total: 6
2023/06/22-10:38:25 DEBUG [http-nio-9999-exec-2] com.jsh.erp.datasource.mappers.AccountItemMapper.selectByExample - ==>  Preparing: SELECT id, header_id, account_id, in_out_item_id, bill_id, need_debt, finish_debt, each_amount, remark, tenant_id, delete_flag FROM jsh_account_item WHERE jsh_account_item.tenant_id = 63 AND (account_id = ? AND header_id IN (?, ?, ?, ?, ?, ?) AND delete_flag <> ?) 
2023/06/22-10:38:25 DEBUG [http-nio-9999-exec-6] com.jsh.erp.datasource.mappers.AccountItemMapper.selectByExample - ==>  Preparing: SELECT id, header_id, account_id, in_out_item_id, bill_id, need_debt, finish_debt, each_amount, remark, tenant_id, delete_flag FROM jsh_account_item WHERE jsh_account_item.tenant_id = 63 AND (account_id = ? AND header_id IN (?, ?, ?, ?, ?, ?) AND delete_flag <> ?) 
2023/06/22-10:38:25 DEBUG [http-nio-9999-exec-2] com.jsh.erp.datasource.mappers.AccountItemMapper.selectByExample - ==> Parameters: 17(Long), 118(Long), 119(Long), 122(Long), 124(Long), 125(Long), 126(Long), 1(String)
2023/06/22-10:38:25 DEBUG [http-nio-9999-exec-6] com.jsh.erp.datasource.mappers.AccountItemMapper.selectByExample - ==> Parameters: 17(Long), 118(Long), 119(Long), 122(Long), 124(Long), 125(Long), 126(Long), 1(String)
2023/06/22-10:38:25 DEBUG [http-nio-9999-exec-2] com.jsh.erp.datasource.mappers.AccountItemMapper.selectByExample - <==      Total: 2
2023/06/22-10:38:25 DEBUG [http-nio-9999-exec-6] com.jsh.erp.datasource.mappers.AccountItemMapper.selectByExample - <==      Total: 2
2023/06/22-10:38:25 DEBUG [http-nio-9999-exec-2] com.jsh.erp.datasource.mappers.DepotHeadMapper.selectByExample - ==>  Preparing: SELECT id, type, sub_type, default_number, number, create_time, oper_time, organ_id, creator, account_id, change_amount, total_price, pay_type, bill_type, remark, file_name, sales_man, account_id_list, account_money_list, discount, discount_money, discount_last_money, other_money, status, link_number, tenant_id, delete_flag FROM jsh_depot_head WHERE jsh_depot_head.tenant_id = 63 AND (account_id_list LIKE ? AND delete_flag <> ?) 
2023/06/22-10:38:25 DEBUG [http-nio-9999-exec-6] com.jsh.erp.datasource.mappers.DepotHeadMapper.selectByExample - ==>  Preparing: SELECT id, type, sub_type, default_number, number, create_time, oper_time, organ_id, creator, account_id, change_amount, total_price, pay_type, bill_type, remark, file_name, sales_man, account_id_list, account_money_list, discount, discount_money, discount_last_money, other_money, status, link_number, tenant_id, delete_flag FROM jsh_depot_head WHERE jsh_depot_head.tenant_id = 63 AND (account_id_list LIKE ? AND delete_flag <> ?) 
2023/06/22-10:38:25 DEBUG [http-nio-9999-exec-2] com.jsh.erp.datasource.mappers.DepotHeadMapper.selectByExample - ==> Parameters: %17%(String), 1(String)
2023/06/22-10:38:25 DEBUG [http-nio-9999-exec-6] com.jsh.erp.datasource.mappers.DepotHeadMapper.selectByExample - ==> Parameters: %17%(String), 1(String)
2023/06/22-10:38:25 DEBUG [http-nio-9999-exec-2] com.jsh.erp.datasource.mappers.DepotHeadMapper.selectByExample - <==      Total: 0
2023/06/22-10:38:25 DEBUG [http-nio-9999-exec-6] com.jsh.erp.datasource.mappers.DepotHeadMapper.selectByExample - <==      Total: 0
2023/06/22-10:38:25 DEBUG [http-nio-9999-exec-6] com.jsh.erp.datasource.mappers.DepotHeadMapper.selectByExample - ==>  Preparing: SELECT id, type, sub_type, default_number, number, create_time, oper_time, organ_id, creator, account_id, change_amount, total_price, pay_type, bill_type, remark, file_name, sales_man, account_id_list, account_money_list, discount, discount_money, discount_last_money, other_money, status, link_number, tenant_id, delete_flag FROM jsh_depot_head WHERE jsh_depot_head.tenant_id = 63 AND (account_id = ? AND pay_type <> ? AND oper_time >= ? AND oper_time <= ? AND delete_flag <> ?) 
2023/06/22-10:38:25 DEBUG [http-nio-9999-exec-2] com.jsh.erp.datasource.mappers.DepotHeadMapper.selectByExample - ==>  Preparing: SELECT id, type, sub_type, default_number, number, create_time, oper_time, organ_id, creator, account_id, change_amount, total_price, pay_type, bill_type, remark, file_name, sales_man, account_id_list, account_money_list, discount, discount_money, discount_last_money, other_money, status, link_number, tenant_id, delete_flag FROM jsh_depot_head WHERE jsh_depot_head.tenant_id = 63 AND (account_id = ? AND pay_type <> ? AND oper_time >= ? AND oper_time <= ? AND delete_flag <> ?) 
2023/06/22-10:38:25 DEBUG [http-nio-9999-exec-6] com.jsh.erp.datasource.mappers.DepotHeadMapper.selectByExample - ==> Parameters: 18(Long), 预付款(String), 2023-06-01 00:00:00.0(Timestamp), 2023-06-30 23:59:59.0(Timestamp), 1(String)
2023/06/22-10:38:25 DEBUG [http-nio-9999-exec-2] com.jsh.erp.datasource.mappers.DepotHeadMapper.selectByExample - ==> Parameters: 18(Long), 预付款(String), 2023-06-01 00:00:00.0(Timestamp), 2023-06-30 23:59:59.0(Timestamp), 1(String)
2023/06/22-10:38:25 DEBUG [http-nio-9999-exec-2] com.jsh.erp.datasource.mappers.DepotHeadMapper.selectByExample - <==      Total: 0
2023/06/22-10:38:25 DEBUG [http-nio-9999-exec-6] com.jsh.erp.datasource.mappers.DepotHeadMapper.selectByExample - <==      Total: 0
2023/06/22-10:38:25 DEBUG [http-nio-9999-exec-6] com.jsh.erp.datasource.mappers.AccountHeadMapper.selectByExample - ==>  Preparing: SELECT id, type, organ_id, hands_person_id, creator, change_amount, discount_money, total_price, account_id, bill_no, bill_time, remark, file_name, status, tenant_id, delete_flag FROM jsh_account_head WHERE jsh_account_head.tenant_id = 63 AND (account_id = ? AND bill_time >= ? AND bill_time <= ? AND delete_flag <> ?) 
2023/06/22-10:38:25 DEBUG [http-nio-9999-exec-2] com.jsh.erp.datasource.mappers.AccountHeadMapper.selectByExample - ==>  Preparing: SELECT id, type, organ_id, hands_person_id, creator, change_amount, discount_money, total_price, account_id, bill_no, bill_time, remark, file_name, status, tenant_id, delete_flag FROM jsh_account_head WHERE jsh_account_head.tenant_id = 63 AND (account_id = ? AND bill_time >= ? AND bill_time <= ? AND delete_flag <> ?) 
2023/06/22-10:38:25 DEBUG [http-nio-9999-exec-6] com.jsh.erp.datasource.mappers.AccountHeadMapper.selectByExample - ==> Parameters: 18(Long), 2023-06-01 00:00:00.0(Timestamp), 2023-06-30 23:59:59.0(Timestamp), 1(String)
2023/06/22-10:38:25 DEBUG [http-nio-9999-exec-2] com.jsh.erp.datasource.mappers.AccountHeadMapper.selectByExample - ==> Parameters: 18(Long), 2023-06-01 00:00:00.0(Timestamp), 2023-06-30 23:59:59.0(Timestamp), 1(String)
2023/06/22-10:38:25 DEBUG [http-nio-9999-exec-2] com.jsh.erp.datasource.mappers.AccountHeadMapper.selectByExample - <==      Total: 0
2023/06/22-10:38:25 DEBUG [http-nio-9999-exec-6] com.jsh.erp.datasource.mappers.AccountHeadMapper.selectByExample - <==      Total: 0
2023/06/22-10:38:25 DEBUG [http-nio-9999-exec-2] com.jsh.erp.datasource.mappers.AccountHeadMapper.selectByExample - ==>  Preparing: SELECT id, type, organ_id, hands_person_id, creator, change_amount, discount_money, total_price, account_id, bill_no, bill_time, remark, file_name, status, tenant_id, delete_flag FROM jsh_account_head WHERE jsh_account_head.tenant_id = 63 AND (bill_time >= ? AND bill_time <= ? AND delete_flag <> ?) 
2023/06/22-10:38:25 DEBUG [http-nio-9999-exec-6] com.jsh.erp.datasource.mappers.AccountHeadMapper.selectByExample - ==>  Preparing: SELECT id, type, organ_id, hands_person_id, creator, change_amount, discount_money, total_price, account_id, bill_no, bill_time, remark, file_name, status, tenant_id, delete_flag FROM jsh_account_head WHERE jsh_account_head.tenant_id = 63 AND (bill_time >= ? AND bill_time <= ? AND delete_flag <> ?) 
2023/06/22-10:38:25 DEBUG [http-nio-9999-exec-6] com.jsh.erp.datasource.mappers.AccountHeadMapper.selectByExample - ==> Parameters: 2023-06-01 00:00:00.0(Timestamp), 2023-06-30 23:59:59.0(Timestamp), 1(String)
2023/06/22-10:38:25 DEBUG [http-nio-9999-exec-2] com.jsh.erp.datasource.mappers.AccountHeadMapper.selectByExample - ==> Parameters: 2023-06-01 00:00:00.0(Timestamp), 2023-06-30 23:59:59.0(Timestamp), 1(String)
2023/06/22-10:38:25 DEBUG [http-nio-9999-exec-2] com.jsh.erp.datasource.mappers.AccountHeadMapper.selectByExample - <==      Total: 0
2023/06/22-10:38:25 DEBUG [http-nio-9999-exec-6] com.jsh.erp.datasource.mappers.AccountHeadMapper.selectByExample - <==      Total: 0
2023/06/22-10:38:25 DEBUG [http-nio-9999-exec-2] com.jsh.erp.datasource.mappers.DepotHeadMapper.selectByExample - ==>  Preparing: SELECT id, type, sub_type, default_number, number, create_time, oper_time, organ_id, creator, account_id, change_amount, total_price, pay_type, bill_type, remark, file_name, sales_man, account_id_list, account_money_list, discount, discount_money, discount_last_money, other_money, status, link_number, tenant_id, delete_flag FROM jsh_depot_head WHERE jsh_depot_head.tenant_id = 63 AND (account_id_list LIKE ? AND oper_time >= ? AND oper_time <= ? AND delete_flag <> ?) 
2023/06/22-10:38:25 DEBUG [http-nio-9999-exec-6] com.jsh.erp.datasource.mappers.DepotHeadMapper.selectByExample - ==>  Preparing: SELECT id, type, sub_type, default_number, number, create_time, oper_time, organ_id, creator, account_id, change_amount, total_price, pay_type, bill_type, remark, file_name, sales_man, account_id_list, account_money_list, discount, discount_money, discount_last_money, other_money, status, link_number, tenant_id, delete_flag FROM jsh_depot_head WHERE jsh_depot_head.tenant_id = 63 AND (account_id_list LIKE ? AND oper_time >= ? AND oper_time <= ? AND delete_flag <> ?) 
2023/06/22-10:38:25 DEBUG [http-nio-9999-exec-6] com.jsh.erp.datasource.mappers.DepotHeadMapper.selectByExample - ==> Parameters: %18%(String), 2023-06-01 00:00:00.0(Timestamp), 2023-06-30 23:59:59.0(Timestamp), 1(String)
2023/06/22-10:38:25 DEBUG [http-nio-9999-exec-2] com.jsh.erp.datasource.mappers.DepotHeadMapper.selectByExample - ==> Parameters: %18%(String), 2023-06-01 00:00:00.0(Timestamp), 2023-06-30 23:59:59.0(Timestamp), 1(String)
2023/06/22-10:38:25 DEBUG [http-nio-9999-exec-2] com.jsh.erp.datasource.mappers.DepotHeadMapper.selectByExample - <==      Total: 0
2023/06/22-10:38:25 DEBUG [http-nio-9999-exec-6] com.jsh.erp.datasource.mappers.DepotHeadMapper.selectByExample - <==      Total: 0
2023/06/22-10:38:25 DEBUG [http-nio-9999-exec-2] com.jsh.erp.datasource.mappers.DepotHeadMapper.selectByExample - ==>  Preparing: SELECT id, type, sub_type, default_number, number, create_time, oper_time, organ_id, creator, account_id, change_amount, total_price, pay_type, bill_type, remark, file_name, sales_man, account_id_list, account_money_list, discount, discount_money, discount_last_money, other_money, status, link_number, tenant_id, delete_flag FROM jsh_depot_head WHERE jsh_depot_head.tenant_id = 63 AND (account_id = ? AND pay_type <> ? AND delete_flag <> ?) 
2023/06/22-10:38:25 DEBUG [http-nio-9999-exec-6] com.jsh.erp.datasource.mappers.DepotHeadMapper.selectByExample - ==>  Preparing: SELECT id, type, sub_type, default_number, number, create_time, oper_time, organ_id, creator, account_id, change_amount, total_price, pay_type, bill_type, remark, file_name, sales_man, account_id_list, account_money_list, discount, discount_money, discount_last_money, other_money, status, link_number, tenant_id, delete_flag FROM jsh_depot_head WHERE jsh_depot_head.tenant_id = 63 AND (account_id = ? AND pay_type <> ? AND delete_flag <> ?) 
2023/06/22-10:38:25 DEBUG [http-nio-9999-exec-2] com.jsh.erp.datasource.mappers.DepotHeadMapper.selectByExample - ==> Parameters: 18(Long), 预付款(String), 1(String)
2023/06/22-10:38:25 DEBUG [http-nio-9999-exec-2] com.jsh.erp.datasource.mappers.DepotHeadMapper.selectByExample - <==      Total: 0
2023/06/22-10:38:25 DEBUG [http-nio-9999-exec-6] com.jsh.erp.datasource.mappers.DepotHeadMapper.selectByExample - ==> Parameters: 18(Long), 预付款(String), 1(String)
2023/06/22-10:38:25 DEBUG [http-nio-9999-exec-6] com.jsh.erp.datasource.mappers.DepotHeadMapper.selectByExample - <==      Total: 0
2023/06/22-10:38:25 DEBUG [http-nio-9999-exec-6] com.jsh.erp.datasource.mappers.AccountHeadMapper.selectByExample - ==>  Preparing: SELECT id, type, organ_id, hands_person_id, creator, change_amount, discount_money, total_price, account_id, bill_no, bill_time, remark, file_name, status, tenant_id, delete_flag FROM jsh_account_head WHERE jsh_account_head.tenant_id = 63 AND (account_id = ? AND delete_flag <> ?) 
2023/06/22-10:38:25 DEBUG [http-nio-9999-exec-2] com.jsh.erp.datasource.mappers.AccountHeadMapper.selectByExample - ==>  Preparing: SELECT id, type, organ_id, hands_person_id, creator, change_amount, discount_money, total_price, account_id, bill_no, bill_time, remark, file_name, status, tenant_id, delete_flag FROM jsh_account_head WHERE jsh_account_head.tenant_id = 63 AND (account_id = ? AND delete_flag <> ?) 
2023/06/22-10:38:25 DEBUG [http-nio-9999-exec-6] com.jsh.erp.datasource.mappers.AccountHeadMapper.selectByExample - ==> Parameters: 18(Long), 1(String)
2023/06/22-10:38:25 DEBUG [http-nio-9999-exec-2] com.jsh.erp.datasource.mappers.AccountHeadMapper.selectByExample - ==> Parameters: 18(Long), 1(String)
2023/06/22-10:38:25 DEBUG [http-nio-9999-exec-6] com.jsh.erp.datasource.mappers.AccountHeadMapper.selectByExample - <==      Total: 0
2023/06/22-10:38:25 DEBUG [http-nio-9999-exec-2] com.jsh.erp.datasource.mappers.AccountHeadMapper.selectByExample - <==      Total: 0
2023/06/22-10:38:25 DEBUG [http-nio-9999-exec-2] com.jsh.erp.datasource.mappers.AccountHeadMapper.selectByExample - ==>  Preparing: SELECT id, type, organ_id, hands_person_id, creator, change_amount, discount_money, total_price, account_id, bill_no, bill_time, remark, file_name, status, tenant_id, delete_flag FROM jsh_account_head WHERE jsh_account_head.tenant_id = 63 
2023/06/22-10:38:25 DEBUG [http-nio-9999-exec-6] com.jsh.erp.datasource.mappers.AccountHeadMapper.selectByExample - ==>  Preparing: SELECT id, type, organ_id, hands_person_id, creator, change_amount, discount_money, total_price, account_id, bill_no, bill_time, remark, file_name, status, tenant_id, delete_flag FROM jsh_account_head WHERE jsh_account_head.tenant_id = 63 
2023/06/22-10:38:25 DEBUG [http-nio-9999-exec-6] com.jsh.erp.datasource.mappers.AccountHeadMapper.selectByExample - ==> Parameters: 
2023/06/22-10:38:25 DEBUG [http-nio-9999-exec-2] com.jsh.erp.datasource.mappers.AccountHeadMapper.selectByExample - ==> Parameters: 
2023/06/22-10:38:25 DEBUG [http-nio-9999-exec-2] com.jsh.erp.datasource.mappers.AccountHeadMapper.selectByExample - <==      Total: 6
2023/06/22-10:38:25 DEBUG [http-nio-9999-exec-6] com.jsh.erp.datasource.mappers.AccountHeadMapper.selectByExample - <==      Total: 6
2023/06/22-10:38:25 DEBUG [http-nio-9999-exec-6] com.jsh.erp.datasource.mappers.AccountItemMapper.selectByExample - ==>  Preparing: SELECT id, header_id, account_id, in_out_item_id, bill_id, need_debt, finish_debt, each_amount, remark, tenant_id, delete_flag FROM jsh_account_item WHERE jsh_account_item.tenant_id = 63 AND (account_id = ? AND header_id IN (?, ?, ?, ?, ?, ?) AND delete_flag <> ?) 
2023/06/22-10:38:25 DEBUG [http-nio-9999-exec-2] com.jsh.erp.datasource.mappers.AccountItemMapper.selectByExample - ==>  Preparing: SELECT id, header_id, account_id, in_out_item_id, bill_id, need_debt, finish_debt, each_amount, remark, tenant_id, delete_flag FROM jsh_account_item WHERE jsh_account_item.tenant_id = 63 AND (account_id = ? AND header_id IN (?, ?, ?, ?, ?, ?) AND delete_flag <> ?) 
2023/06/22-10:38:25 DEBUG [http-nio-9999-exec-6] com.jsh.erp.datasource.mappers.AccountItemMapper.selectByExample - ==> Parameters: 18(Long), 118(Long), 119(Long), 122(Long), 124(Long), 125(Long), 126(Long), 1(String)
2023/06/22-10:38:25 DEBUG [http-nio-9999-exec-2] com.jsh.erp.datasource.mappers.AccountItemMapper.selectByExample - ==> Parameters: 18(Long), 118(Long), 119(Long), 122(Long), 124(Long), 125(Long), 126(Long), 1(String)
2023/06/22-10:38:25 DEBUG [http-nio-9999-exec-6] com.jsh.erp.datasource.mappers.AccountItemMapper.selectByExample - <==      Total: 0
2023/06/22-10:38:25 DEBUG [http-nio-9999-exec-2] com.jsh.erp.datasource.mappers.AccountItemMapper.selectByExample - <==      Total: 0
2023/06/22-10:38:25 DEBUG [http-nio-9999-exec-6] com.jsh.erp.datasource.mappers.DepotHeadMapper.selectByExample - ==>  Preparing: SELECT id, type, sub_type, default_number, number, create_time, oper_time, organ_id, creator, account_id, change_amount, total_price, pay_type, bill_type, remark, file_name, sales_man, account_id_list, account_money_list, discount, discount_money, discount_last_money, other_money, status, link_number, tenant_id, delete_flag FROM jsh_depot_head WHERE jsh_depot_head.tenant_id = 63 AND (account_id_list LIKE ? AND delete_flag <> ?) 
2023/06/22-10:38:25 DEBUG [http-nio-9999-exec-2] com.jsh.erp.datasource.mappers.DepotHeadMapper.selectByExample - ==>  Preparing: SELECT id, type, sub_type, default_number, number, create_time, oper_time, organ_id, creator, account_id, change_amount, total_price, pay_type, bill_type, remark, file_name, sales_man, account_id_list, account_money_list, discount, discount_money, discount_last_money, other_money, status, link_number, tenant_id, delete_flag FROM jsh_depot_head WHERE jsh_depot_head.tenant_id = 63 AND (account_id_list LIKE ? AND delete_flag <> ?) 
2023/06/22-10:38:25 DEBUG [http-nio-9999-exec-2] com.jsh.erp.datasource.mappers.DepotHeadMapper.selectByExample - ==> Parameters: %18%(String), 1(String)
2023/06/22-10:38:25 DEBUG [http-nio-9999-exec-6] com.jsh.erp.datasource.mappers.DepotHeadMapper.selectByExample - ==> Parameters: %18%(String), 1(String)
2023/06/22-10:38:25 DEBUG [http-nio-9999-exec-2] com.jsh.erp.datasource.mappers.DepotHeadMapper.selectByExample - <==      Total: 0
2023/06/22-10:38:25 DEBUG [http-nio-9999-exec-6] com.jsh.erp.datasource.mappers.DepotHeadMapper.selectByExample - <==      Total: 0
2023/06/22-10:38:25 INFO  [http-nio-9999-exec-6] com.jsh.erp.service.CommonQueryManager - search:null
2023/06/22-10:38:25 INFO  [http-nio-9999-exec-6] com.jsh.erp.service.CommonQueryManager - field:id,,rowIndex,name,serialNo,initialAmount,thisMonthAmount,currentAmount,action
2023/06/22-10:38:25 INFO  [http-nio-9999-exec-6] com.jsh.erp.service.CommonQueryManager - offset:0
2023/06/22-10:38:25 INFO  [http-nio-9999-exec-6] com.jsh.erp.service.CommonQueryManager - name:
2023/06/22-10:38:25 INFO  [http-nio-9999-exec-6] com.jsh.erp.service.CommonQueryManager - column:createTime
2023/06/22-10:38:25 INFO  [http-nio-9999-exec-6] com.jsh.erp.service.CommonQueryManager - pageSize:10
2023/06/22-10:38:25 INFO  [http-nio-9999-exec-6] com.jsh.erp.service.CommonQueryManager - currentPage:1
2023/06/22-10:38:25 INFO  [http-nio-9999-exec-6] com.jsh.erp.service.CommonQueryManager - serialNo:
2023/06/22-10:38:25 INFO  [http-nio-9999-exec-6] com.jsh.erp.service.CommonQueryManager - order:desc
2023/06/22-10:38:25 DEBUG [http-nio-9999-exec-6] com.jsh.erp.datasource.mappers.AccountMapperEx.countsByAccount - ==>  Preparing: SELECT COUNT(id) FROM jsh_account WHERE jsh_account.tenant_id = 63 AND 1 = 1 AND ifnull(delete_flag, '0') != '1' 
2023/06/22-10:38:25 DEBUG [http-nio-9999-exec-6] com.jsh.erp.datasource.mappers.AccountMapperEx.countsByAccount - ==> Parameters: 
2023/06/22-10:38:25 DEBUG [http-nio-9999-exec-6] com.jsh.erp.datasource.mappers.AccountMapperEx.countsByAccount - <==      Total: 1
2023/06/22-10:38:29 DEBUG [http-nio-9999-exec-5] com.jsh.erp.datasource.mappers.RoleMapperEx.selectByConditionRole - ==>  Preparing: SELECT * FROM jsh_role WHERE jsh_role.tenant_id = 63 AND 1 = 1 AND ifnull(delete_flag, '0') != '1' LIMIT ?, ? 
2023/06/22-10:38:29 DEBUG [http-nio-9999-exec-5] com.jsh.erp.datasource.mappers.RoleMapperEx.selectByConditionRole - ==> Parameters: 0(Integer), 10(Integer)
2023/06/22-10:38:29 DEBUG [http-nio-9999-exec-5] com.jsh.erp.datasource.mappers.RoleMapperEx.selectByConditionRole - <==      Total: 3
2023/06/22-10:38:29 INFO  [http-nio-9999-exec-5] com.jsh.erp.service.CommonQueryManager - search:{"name":""}
2023/06/22-10:38:29 INFO  [http-nio-9999-exec-5] com.jsh.erp.service.CommonQueryManager - field:id,,,name,type,description,action
2023/06/22-10:38:29 INFO  [http-nio-9999-exec-5] com.jsh.erp.service.CommonQueryManager - offset:0
2023/06/22-10:38:29 INFO  [http-nio-9999-exec-5] com.jsh.erp.service.CommonQueryManager - column:createTime
2023/06/22-10:38:29 INFO  [http-nio-9999-exec-5] com.jsh.erp.service.CommonQueryManager - pageSize:10
2023/06/22-10:38:29 INFO  [http-nio-9999-exec-5] com.jsh.erp.service.CommonQueryManager - currentPage:1
2023/06/22-10:38:29 INFO  [http-nio-9999-exec-5] com.jsh.erp.service.CommonQueryManager - order:desc
2023/06/22-10:38:29 DEBUG [http-nio-9999-exec-5] com.jsh.erp.datasource.mappers.RoleMapperEx.countsByRole - ==>  Preparing: SELECT COUNT(id) FROM jsh_role WHERE jsh_role.tenant_id = 63 AND 1 = 1 AND ifnull(delete_flag, '0') != '1' 
2023/06/22-10:38:29 DEBUG [http-nio-9999-exec-5] com.jsh.erp.datasource.mappers.RoleMapperEx.countsByRole - ==> Parameters: 
2023/06/22-10:38:29 DEBUG [http-nio-9999-exec-5] com.jsh.erp.datasource.mappers.RoleMapperEx.countsByRole - <==      Total: 1
